  [1m[35m (4.5ms)[0m  [1m[34mSELECT "schema_migrations"."version" FROM "schema_migrations" ORDER BY "schema_migrations"."version" ASC[0m
  [1m[36mTeam Load (1.9ms)[0m  [1m[34mSELECT "teams".* FROM "teams"[0m
  [1m[35m (15.3ms)[0m  [1m[35mBEGIN[0m
  [1m[36mPlayer Load (1.7ms)[0m  [1m[34mSELECT "players".* FROM "players" WHERE "players"."team_id" = $1[0m  [["team_id", 1501]]
  [1m[36mTeam Destroy (86.7ms)[0m  [1m[31mDELETE FROM "teams" WHERE "teams"."id" = $1[0m  [["id", 1501]]
  [1m[35m (3.7ms)[0m  [1m[35mCOMMIT[0m
  [1m[35m (0.2ms)[0m  [1m[35mBEGIN[0m
  [1m[36mPlayer Load (0.4ms)[0m  [1m[34mSELECT "players".* FROM "players" WHERE "players"."team_id" = $1[0m  [["team_id", 1502]]
  [1m[36mTeam Destroy (0.8ms)[0m  [1m[31mDELETE FROM "teams" WHERE "teams"."id" = $1[0m  [["id", 1502]]
  [1m[35m (0.5ms)[0m  [1m[35mCOMMIT[0m
  [1m[35m (0.2ms)[0m  [1m[35mBEGIN[0m
  [1m[36mPlayer Load (0.4ms)[0m  [1m[34mSELECT "players".* FROM "players" WHERE "players"."team_id" = $1[0m  [["team_id", 1503]]
  [1m[36mTeam Destroy (0.7ms)[0m  [1m[31mDELETE FROM "teams" WHERE "teams"."id" = $1[0m  [["id", 1503]]
  [1m[35m (23.7ms)[0m  [1m[35mCOMMIT[0m
  [1m[35m (0.2ms)[0m  [1m[35mBEGIN[0m
  [1m[36mPlayer Load (0.5ms)[0m  [1m[34mSELECT "players".* FROM "players" WHERE "players"."team_id" = $1[0m  [["team_id", 1504]]
  [1m[36mTeam Destroy (1.0ms)[0m  [1m[31mDELETE FROM "teams" WHERE "teams"."id" = $1[0m  [["id", 1504]]
  [1m[35m (0.6ms)[0m  [1m[35mCOMMIT[0m
  [1m[35m (0.3ms)[0m  [1m[35mBEGIN[0m
  [1m[36mPlayer Load (0.5ms)[0m  [1m[34mSELECT "players".* FROM "players" WHERE "players"."team_id" = $1[0m  [["team_id", 1505]]
  [1m[36mTeam Destroy (1.4ms)[0m  [1m[31mDELETE FROM "teams" WHERE "teams"."id" = $1[0m  [["id", 1505]]
  [1m[35m (0.6ms)[0m  [1m[35mCOMMIT[0m
  [1m[35m (1.4ms)[0m  [1m[35mBEGIN[0m
  [1m[36mPlayer Load (0.6ms)[0m  [1m[34mSELECT "players".* FROM "players" WHERE "players"."team_id" = $1[0m  [["team_id", 1506]]
  [1m[36mTeam Destroy (22.6ms)[0m  [1m[31mDELETE FROM "teams" WHERE "teams"."id" = $1[0m  [["id", 1506]]
  [1m[35m (0.7ms)[0m  [1m[35mCOMMIT[0m
  [1m[35m (0.3ms)[0m  [1m[35mBEGIN[0m
  [1m[36mPlayer Load (0.3ms)[0m  [1m[34mSELECT "players".* FROM "players" WHERE "players"."team_id" = $1[0m  [["team_id", 1507]]
  [1m[36mTeam Destroy (0.8ms)[0m  [1m[31mDELETE FROM "teams" WHERE "teams"."id" = $1[0m  [["id", 1507]]
  [1m[35m (0.6ms)[0m  [1m[35mCOMMIT[0m
  [1m[35m (0.2ms)[0m  [1m[35mBEGIN[0m
  [1m[36mPlayer Load (0.3ms)[0m  [1m[34mSELECT "players".* FROM "players" WHERE "players"."team_id" = $1[0m  [["team_id", 1508]]
  [1m[36mTeam Destroy (0.7ms)[0m  [1m[31mDELETE FROM "teams" WHERE "teams"."id" = $1[0m  [["id", 1508]]
  [1m[35m (0.4ms)[0m  [1m[35mCOMMIT[0m
  [1m[35m (0.2ms)[0m  [1m[35mBEGIN[0m
  [1m[36mPlayer Load (0.6ms)[0m  [1m[34mSELECT "players".* FROM "players" WHERE "players"."team_id" = $1[0m  [["team_id", 1509]]
  [1m[36mPlayer Destroy (1.1ms)[0m  [1m[31mDELETE FROM "players" WHERE "players"."id" = $1[0m  [["id", 1730]]
  [1m[36mPlayer Destroy (21.8ms)[0m  [1m[31mDELETE FROM "players" WHERE "players"."id" = $1[0m  [["id", 1731]]
  [1m[36mPlayer Destroy (0.7ms)[0m  [1m[31mDELETE FROM "players" WHERE "players"."id" = $1[0m  [["id", 1732]]
  [1m[36mPlayer Destroy (0.5ms)[0m  [1m[31mDELETE FROM "players" WHERE "players"."id" = $1[0m  [["id", 1733]]
  [1m[36mPlayer Destroy (0.7ms)[0m  [1m[31mDELETE FROM "players" WHERE "players"."id" = $1[0m  [["id", 1734]]
  [1m[36mPlayer Destroy (0.5ms)[0m  [1m[31mDELETE FROM "players" WHERE "players"."id" = $1[0m  [["id", 1735]]
  [1m[36mPlayer Destroy (0.4ms)[0m  [1m[31mDELETE FROM "players" WHERE "players"."id" = $1[0m  [["id", 1736]]
  [1m[36mPlayer Destroy (0.6ms)[0m  [1m[31mDELETE FROM "players" WHERE "players"."id" = $1[0m  [["id", 1737]]
  [1m[36mPlayer Destroy (0.6ms)[0m  [1m[31mDELETE FROM "players" WHERE "players"."id" = $1[0m  [["id", 1738]]
  [1m[36mPlayer Destroy (0.5ms)[0m  [1m[31mDELETE FROM "players" WHERE "players"."id" = $1[0m  [["id", 1739]]
  [1m[36mPlayer Destroy (0.6ms)[0m  [1m[31mDELETE FROM "players" WHERE "players"."id" = $1[0m  [["id", 1740]]
  [1m[36mPlayer Destroy (1.0ms)[0m  [1m[31mDELETE FROM "players" WHERE "players"."id" = $1[0m  [["id", 1741]]
  [1m[36mPlayer Destroy (0.6ms)[0m  [1m[31mDELETE FROM "players" WHERE "players"."id" = $1[0m  [["id", 1742]]
  [1m[36mPlayer Destroy (22.8ms)[0m  [1m[31mDELETE FROM "players" WHERE "players"."id" = $1[0m  [["id", 1743]]
  [1m[36mPlayer Destroy (0.6ms)[0m  [1m[31mDELETE FROM "players" WHERE "players"."id" = $1[0m  [["id", 1744]]
  [1m[36mPlayer Destroy (23.3ms)[0m  [1m[31mDELETE FROM "players" WHERE "players"."id" = $1[0m  [["id", 1745]]
  [1m[36mPlayer Destroy (0.8ms)[0m  [1m[31mDELETE FROM "players" WHERE "players"."id" = $1[0m  [["id", 1746]]
  [1m[36mPlayer Destroy (1.0ms)[0m  [1m[31mDELETE FROM "players" WHERE "players"."id" = $1[0m  [["id", 1747]]
  [1m[36mPlayer Destroy (0.5ms)[0m  [1m[31mDELETE FROM "players" WHERE "players"."id" = $1[0m  [["id", 1748]]
  [1m[36mTeam Destroy (0.5ms)[0m  [1m[31mDELETE FROM "teams" WHERE "teams"."id" = $1[0m  [["id", 1509]]
  [1m[35m (0.7ms)[0m  [1m[35mCOMMIT[0m
  [1m[35m (0.2ms)[0m  [1m[35mBEGIN[0m
  [1m[36mPlayer Load (0.9ms)[0m  [1m[34mSELECT "players".* FROM "players" WHERE "players"."team_id" = $1[0m  [["team_id", 1510]]
  [1m[36mTeam Destroy (0.9ms)[0m  [1m[31mDELETE FROM "teams" WHERE "teams"."id" = $1[0m  [["id", 1510]]
  [1m[35m (0.7ms)[0m  [1m[35mCOMMIT[0m
  [1m[35m (0.9ms)[0m  [1m[35mBEGIN[0m
  [1m[36mPlayer Load (22.1ms)[0m  [1m[34mSELECT "players".* FROM "players" WHERE "players"."team_id" = $1[0m  [["team_id", 1511]]
  [1m[36mTeam Destroy (0.8ms)[0m  [1m[31mDELETE FROM "teams" WHERE "teams"."id" = $1[0m  [["id", 1511]]
  [1m[35m (0.4ms)[0m  [1m[35mCOMMIT[0m
  [1m[35m (0.1ms)[0m  [1m[35mBEGIN[0m
  [1m[36mPlayer Load (0.9ms)[0m  [1m[34mSELECT "players".* FROM "players" WHERE "players"."team_id" = $1[0m  [["team_id", 1512]]
  [1m[36mTeam Destroy (0.6ms)[0m  [1m[31mDELETE FROM "teams" WHERE "teams"."id" = $1[0m  [["id", 1512]]
  [1m[35m (0.6ms)[0m  [1m[35mCOMMIT[0m
  [1m[35m (0.2ms)[0m  [1m[35mBEGIN[0m
  [1m[36mPlayer Load (0.2ms)[0m  [1m[34mSELECT "players".* FROM "players" WHERE "players"."team_id" = $1[0m  [["team_id", 1513]]
  [1m[36mTeam Destroy (0.5ms)[0m  [1m[31mDELETE FROM "teams" WHERE "teams"."id" = $1[0m  [["id", 1513]]
  [1m[35m (0.5ms)[0m  [1m[35mCOMMIT[0m
  [1m[35m (0.5ms)[0m  [1m[35mBEGIN[0m
  [1m[36mPlayer Load (3.5ms)[0m  [1m[34mSELECT "players".* FROM "players" WHERE "players"."team_id" = $1[0m  [["team_id", 1514]]
  [1m[36mPlayer Destroy (22.4ms)[0m  [1m[31mDELETE FROM "players" WHERE "players"."id" = $1[0m  [["id", 1695]]
  [1m[36mPlayer Destroy (0.6ms)[0m  [1m[31mDELETE FROM "players" WHERE "players"."id" = $1[0m  [["id", 1696]]
  [1m[36mPlayer Destroy (0.5ms)[0m  [1m[31mDELETE FROM "players" WHERE "players"."id" = $1[0m  [["id", 1697]]
  [1m[36mPlayer Destroy (1.0ms)[0m  [1m[31mDELETE FROM "players" WHERE "players"."id" = $1[0m  [["id", 1698]]
  [1m[36mPlayer Destroy (0.7ms)[0m  [1m[31mDELETE FROM "players" WHERE "players"."id" = $1[0m  [["id", 1699]]
  [1m[36mPlayer Destroy (0.6ms)[0m  [1m[31mDELETE FROM "players" WHERE "players"."id" = $1[0m  [["id", 1700]]
  [1m[36mPlayer Destroy (0.7ms)[0m  [1m[31mDELETE FROM "players" WHERE "players"."id" = $1[0m  [["id", 1701]]
  [1m[36mPlayer Destroy (0.8ms)[0m  [1m[31mDELETE FROM "players" WHERE "players"."id" = $1[0m  [["id", 1702]]
  [1m[36mPlayer Destroy (0.5ms)[0m  [1m[31mDELETE FROM "players" WHERE "players"."id" = $1[0m  [["id", 1703]]
  [1m[36mPlayer Destroy (0.6ms)[0m  [1m[31mDELETE FROM "players" WHERE "players"."id" = $1[0m  [["id", 1704]]
  [1m[36mPlayer Destroy (1.1ms)[0m  [1m[31mDELETE FROM "players" WHERE "players"."id" = $1[0m  [["id", 1705]]
  [1m[36mPlayer Destroy (0.5ms)[0m  [1m[31mDELETE FROM "players" WHERE "players"."id" = $1[0m  [["id", 1706]]
  [1m[36mPlayer Destroy (21.6ms)[0m  [1m[31mDELETE FROM "players" WHERE "players"."id" = $1[0m  [["id", 1707]]
  [1m[36mPlayer Destroy (0.4ms)[0m  [1m[31mDELETE FROM "players" WHERE "players"."id" = $1[0m  [["id", 1708]]
  [1m[36mPlayer Destroy (0.3ms)[0m  [1m[31mDELETE FROM "players" WHERE "players"."id" = $1[0m  [["id", 1709]]
  [1m[36mPlayer Destroy (0.4ms)[0m  [1m[31mDELETE FROM "players" WHERE "players"."id" = $1[0m  [["id", 1710]]
  [1m[36mPlayer Destroy (0.5ms)[0m  [1m[31mDELETE FROM "players" WHERE "players"."id" = $1[0m  [["id", 1711]]
  [1m[36mTeam Destroy (0.4ms)[0m  [1m[31mDELETE FROM "teams" WHERE "teams"."id" = $1[0m  [["id", 1514]]
  [1m[35m (0.4ms)[0m  [1m[35mCOMMIT[0m
  [1m[35m (0.1ms)[0m  [1m[35mBEGIN[0m
  [1m[36mPlayer Load (0.2ms)[0m  [1m[34mSELECT "players".* FROM "players" WHERE "players"."team_id" = $1[0m  [["team_id", 1515]]
  [1m[36mTeam Destroy (0.5ms)[0m  [1m[31mDELETE FROM "teams" WHERE "teams"."id" = $1[0m  [["id", 1515]]
  [1m[35m (0.5ms)[0m  [1m[35mCOMMIT[0m
  [1m[35m (0.2ms)[0m  [1m[35mBEGIN[0m
  [1m[36mPlayer Load (0.3ms)[0m  [1m[34mSELECT "players".* FROM "players" WHERE "players"."team_id" = $1[0m  [["team_id", 1516]]
  [1m[36mTeam Destroy (1.1ms)[0m  [1m[31mDELETE FROM "teams" WHERE "teams"."id" = $1[0m  [["id", 1516]]
  [1m[35m (2.7ms)[0m  [1m[35mCOMMIT[0m
  [1m[35m (0.2ms)[0m  [1m[35mBEGIN[0m
  [1m[36mPlayer Load (22.2ms)[0m  [1m[34mSELECT "players".* FROM "players" WHERE "players"."team_id" = $1[0m  [["team_id", 1517]]
  [1m[36mTeam Destroy (0.7ms)[0m  [1m[31mDELETE FROM "teams" WHERE "teams"."id" = $1[0m  [["id", 1517]]
  [1m[35m (0.5ms)[0m  [1m[35mCOMMIT[0m
  [1m[35m (0.2ms)[0m  [1m[35mBEGIN[0m
  [1m[36mPlayer Load (0.3ms)[0m  [1m[34mSELECT "players".* FROM "players" WHERE "players"."team_id" = $1[0m  [["team_id", 1518]]
  [1m[36mTeam Destroy (0.5ms)[0m  [1m[31mDELETE FROM "teams" WHERE "teams"."id" = $1[0m  [["id", 1518]]
  [1m[35m (0.4ms)[0m  [1m[35mCOMMIT[0m
  [1m[35m (0.1ms)[0m  [1m[35mBEGIN[0m
  [1m[36mPlayer Load (0.2ms)[0m  [1m[34mSELECT "players".* FROM "players" WHERE "players"."team_id" = $1[0m  [["team_id", 1519]]
  [1m[36mTeam Destroy (0.5ms)[0m  [1m[31mDELETE FROM "teams" WHERE "teams"."id" = $1[0m  [["id", 1519]]
  [1m[35m (0.3ms)[0m  [1m[35mCOMMIT[0m
  [1m[35m (0.2ms)[0m  [1m[35mBEGIN[0m
  [1m[36mPlayer Load (0.4ms)[0m  [1m[34mSELECT "players".* FROM "players" WHERE "players"."team_id" = $1[0m  [["team_id", 1520]]
  [1m[36mTeam Destroy (0.8ms)[0m  [1m[31mDELETE FROM "teams" WHERE "teams"."id" = $1[0m  [["id", 1520]]
  [1m[35m (0.5ms)[0m  [1m[35mCOMMIT[0m
  [1m[35m (0.2ms)[0m  [1m[35mBEGIN[0m
  [1m[36mPlayer Load (0.2ms)[0m  [1m[34mSELECT "players".* FROM "players" WHERE "players"."team_id" = $1[0m  [["team_id", 1521]]
  [1m[36mTeam Destroy (23.4ms)[0m  [1m[31mDELETE FROM "teams" WHERE "teams"."id" = $1[0m  [["id", 1521]]
  [1m[35m (1.1ms)[0m  [1m[35mCOMMIT[0m
  [1m[35m (0.2ms)[0m  [1m[35mBEGIN[0m
  [1m[36mPlayer Load (0.5ms)[0m  [1m[34mSELECT "players".* FROM "players" WHERE "players"."team_id" = $1[0m  [["team_id", 1522]]
  [1m[36mTeam Destroy (0.6ms)[0m  [1m[31mDELETE FROM "teams" WHERE "teams"."id" = $1[0m  [["id", 1522]]
  [1m[35m (0.5ms)[0m  [1m[35mCOMMIT[0m
  [1m[35m (0.2ms)[0m  [1m[35mBEGIN[0m
  [1m[36mPlayer Load (0.2ms)[0m  [1m[34mSELECT "players".* FROM "players" WHERE "players"."team_id" = $1[0m  [["team_id", 1523]]
  [1m[36mTeam Destroy (0.9ms)[0m  [1m[31mDELETE FROM "teams" WHERE "teams"."id" = $1[0m  [["id", 1523]]
  [1m[35m (0.5ms)[0m  [1m[35mCOMMIT[0m
  [1m[35m (0.2ms)[0m  [1m[35mBEGIN[0m
  [1m[36mPlayer Load (14.4ms)[0m  [1m[34mSELECT "players".* FROM "players" WHERE "players"."team_id" = $1[0m  [["team_id", 1524]]
  [1m[36mTeam Destroy (0.6ms)[0m  [1m[31mDELETE FROM "teams" WHERE "teams"."id" = $1[0m  [["id", 1524]]
  [1m[35m (0.5ms)[0m  [1m[35mCOMMIT[0m
  [1m[35m (0.2ms)[0m  [1m[35mBEGIN[0m
  [1m[36mPlayer Load (0.2ms)[0m  [1m[34mSELECT "players".* FROM "players" WHERE "players"."team_id" = $1[0m  [["team_id", 1525]]
  [1m[36mTeam Destroy (0.6ms)[0m  [1m[31mDELETE FROM "teams" WHERE "teams"."id" = $1[0m  [["id", 1525]]
  [1m[35m (0.4ms)[0m  [1m[35mCOMMIT[0m
  [1m[35m (0.1ms)[0m  [1m[35mBEGIN[0m
  [1m[36mPlayer Load (0.3ms)[0m  [1m[34mSELECT "players".* FROM "players" WHERE "players"."team_id" = $1[0m  [["team_id", 1526]]
  [1m[36mPlayer Destroy (0.6ms)[0m  [1m[31mDELETE FROM "players" WHERE "players"."id" = $1[0m  [["id", 1712]]
  [1m[36mPlayer Destroy (0.8ms)[0m  [1m[31mDELETE FROM "players" WHERE "players"."id" = $1[0m  [["id", 1713]]
  [1m[36mPlayer Destroy (0.6ms)[0m  [1m[31mDELETE FROM "players" WHERE "players"."id" = $1[0m  [["id", 1714]]
  [1m[36mPlayer Destroy (0.6ms)[0m  [1m[31mDELETE FROM "players" WHERE "players"."id" = $1[0m  [["id", 1715]]
  [1m[36mPlayer Destroy (0.5ms)[0m  [1m[31mDELETE FROM "players" WHERE "players"."id" = $1[0m  [["id", 1716]]
  [1m[36mPlayer Destroy (23.4ms)[0m  [1m[31mDELETE FROM "players" WHERE "players"."id" = $1[0m  [["id", 1717]]
  [1m[36mPlayer Destroy (0.6ms)[0m  [1m[31mDELETE FROM "players" WHERE "players"."id" = $1[0m  [["id", 1718]]
  [1m[36mPlayer Destroy (0.5ms)[0m  [1m[31mDELETE FROM "players" WHERE "players"."id" = $1[0m  [["id", 1719]]
  [1m[36mPlayer Destroy (0.4ms)[0m  [1m[31mDELETE FROM "players" WHERE "players"."id" = $1[0m  [["id", 1720]]
  [1m[36mPlayer Destroy (0.4ms)[0m  [1m[31mDELETE FROM "players" WHERE "players"."id" = $1[0m  [["id", 1721]]
  [1m[36mPlayer Destroy (0.4ms)[0m  [1m[31mDELETE FROM "players" WHERE "players"."id" = $1[0m  [["id", 1722]]
  [1m[36mPlayer Destroy (0.4ms)[0m  [1m[31mDELETE FROM "players" WHERE "players"."id" = $1[0m  [["id", 1723]]
  [1m[36mPlayer Destroy (0.7ms)[0m  [1m[31mDELETE FROM "players" WHERE "players"."id" = $1[0m  [["id", 1724]]
  [1m[36mPlayer Destroy (20.8ms)[0m  [1m[31mDELETE FROM "players" WHERE "players"."id" = $1[0m  [["id", 1725]]
  [1m[36mPlayer Destroy (0.6ms)[0m  [1m[31mDELETE FROM "players" WHERE "players"."id" = $1[0m  [["id", 1726]]
  [1m[36mPlayer Destroy (0.6ms)[0m  [1m[31mDELETE FROM "players" WHERE "players"."id" = $1[0m  [["id", 1727]]
  [1m[36mPlayer Destroy (0.8ms)[0m  [1m[31mDELETE FROM "players" WHERE "players"."id" = $1[0m  [["id", 1728]]
  [1m[36mPlayer Destroy (0.5ms)[0m  [1m[31mDELETE FROM "players" WHERE "players"."id" = $1[0m  [["id", 1729]]
  [1m[36mTeam Destroy (0.5ms)[0m  [1m[31mDELETE FROM "teams" WHERE "teams"."id" = $1[0m  [["id", 1526]]
  [1m[35m (0.4ms)[0m  [1m[35mCOMMIT[0m
  [1m[35m (0.1ms)[0m  [1m[35mBEGIN[0m
  [1m[36mPlayer Load (0.5ms)[0m  [1m[34mSELECT "players".* FROM "players" WHERE "players"."team_id" = $1[0m  [["team_id", 1527]]
  [1m[36mTeam Destroy (0.5ms)[0m  [1m[31mDELETE FROM "teams" WHERE "teams"."id" = $1[0m  [["id", 1527]]
  [1m[35m (0.4ms)[0m  [1m[35mCOMMIT[0m
  [1m[35m (0.1ms)[0m  [1m[35mBEGIN[0m
  [1m[36mPlayer Load (0.2ms)[0m  [1m[34mSELECT "players".* FROM "players" WHERE "players"."team_id" = $1[0m  [["team_id", 1528]]
  [1m[36mTeam Destroy (0.4ms)[0m  [1m[31mDELETE FROM "teams" WHERE "teams"."id" = $1[0m  [["id", 1528]]
  [1m[35m (0.4ms)[0m  [1m[35mCOMMIT[0m
  [1m[35m (0.1ms)[0m  [1m[35mBEGIN[0m
  [1m[36mPlayer Load (0.2ms)[0m  [1m[34mSELECT "players".* FROM "players" WHERE "players"."team_id" = $1[0m  [["team_id", 1529]]
  [1m[36mTeam Destroy (23.4ms)[0m  [1m[31mDELETE FROM "teams" WHERE "teams"."id" = $1[0m  [["id", 1529]]
  [1m[35m (0.6ms)[0m  [1m[35mCOMMIT[0m
  [1m[35m (0.2ms)[0m  [1m[35mBEGIN[0m
  [1m[36mPlayer Load (0.3ms)[0m  [1m[34mSELECT "players".* FROM "players" WHERE "players"."team_id" = $1[0m  [["team_id", 1530]]
  [1m[36mPlayer Destroy (0.5ms)[0m  [1m[31mDELETE FROM "players" WHERE "players"."id" = $1[0m  [["id", 1749]]
  [1m[36mPlayer Destroy (0.3ms)[0m  [1m[31mDELETE FROM "players" WHERE "players"."id" = $1[0m  [["id", 1750]]
  [1m[36mPlayer Destroy (0.4ms)[0m  [1m[31mDELETE FROM "players" WHERE "players"."id" = $1[0m  [["id", 1751]]
  [1m[36mPlayer Destroy (0.5ms)[0m  [1m[31mDELETE FROM "players" WHERE "players"."id" = $1[0m  [["id", 1752]]
  [1m[36mPlayer Destroy (0.5ms)[0m  [1m[31mDELETE FROM "players" WHERE "players"."id" = $1[0m  [["id", 1753]]
  [1m[36mPlayer Destroy (0.6ms)[0m  [1m[31mDELETE FROM "players" WHERE "players"."id" = $1[0m  [["id", 1754]]
  [1m[36mPlayer Destroy (0.5ms)[0m  [1m[31mDELETE FROM "players" WHERE "players"."id" = $1[0m  [["id", 1755]]
  [1m[36mPlayer Destroy (0.5ms)[0m  [1m[31mDELETE FROM "players" WHERE "players"."id" = $1[0m  [["id", 1756]]
  [1m[36mPlayer Destroy (0.6ms)[0m  [1m[31mDELETE FROM "players" WHERE "players"."id" = $1[0m  [["id", 1757]]
  [1m[36mPlayer Destroy (0.5ms)[0m  [1m[31mDELETE FROM "players" WHERE "players"."id" = $1[0m  [["id", 1758]]
  [1m[36mPlayer Destroy (20.6ms)[0m  [1m[31mDELETE FROM "players" WHERE "players"."id" = $1[0m  [["id", 1759]]
  [1m[36mPlayer Destroy (0.5ms)[0m  [1m[31mDELETE FROM "players" WHERE "players"."id" = $1[0m  [["id", 1760]]
  [1m[36mPlayer Destroy (0.5ms)[0m  [1m[31mDELETE FROM "players" WHERE "players"."id" = $1[0m  [["id", 1761]]
  [1m[36mPlayer Destroy (0.5ms)[0m  [1m[31mDELETE FROM "players" WHERE "players"."id" = $1[0m  [["id", 1762]]
  [1m[36mPlayer Destroy (0.5ms)[0m  [1m[31mDELETE FROM "players" WHERE "players"."id" = $1[0m  [["id", 1763]]
  [1m[36mPlayer Destroy (0.4ms)[0m  [1m[31mDELETE FROM "players" WHERE "players"."id" = $1[0m  [["id", 1764]]
  [1m[36mPlayer Destroy (0.4ms)[0m  [1m[31mDELETE FROM "players" WHERE "players"."id" = $1[0m  [["id", 1765]]
  [1m[36mPlayer Destroy (0.4ms)[0m  [1m[31mDELETE FROM "players" WHERE "players"."id" = $1[0m  [["id", 1766]]
  [1m[36mPlayer Destroy (0.6ms)[0m  [1m[31mDELETE FROM "players" WHERE "players"."id" = $1[0m  [["id", 1767]]
  [1m[36mPlayer Destroy (1.5ms)[0m  [1m[31mDELETE FROM "players" WHERE "players"."id" = $1[0m  [["id", 1768]]
  [1m[36mPlayer Destroy (0.7ms)[0m  [1m[31mDELETE FROM "players" WHERE "players"."id" = $1[0m  [["id", 1769]]
  [1m[36mPlayer Destroy (0.5ms)[0m  [1m[31mDELETE FROM "players" WHERE "players"."id" = $1[0m  [["id", 1770]]
  [1m[36mTeam Destroy (23.3ms)[0m  [1m[31mDELETE FROM "teams" WHERE "teams"."id" = $1[0m  [["id", 1530]]
  [1m[35m (0.7ms)[0m  [1m[35mCOMMIT[0m
  [1m[36mPlayer Load (0.4ms)[0m  [1m[34mSELECT "players".* FROM "players"[0m
