Started GET "/trades" for ::1 at 2020-04-20 14:01:55 -0400
Started GET "/users" for ::1 at 2020-04-20 14:01:55 -0400
Started GET "/teams" for ::1 at 2020-04-20 14:01:55 -0400
Started GET "/players" for ::1 at 2020-04-20 14:01:55 -0400
Started GET "/votes" for ::1 at 2020-04-20 14:01:55 -0400
  [1m[35m (4.3ms)[0m  [1m[34mSELECT "schema_migrations"."version" FROM "schema_migrations" ORDER BY "schema_migrations"."version" ASC[0m
  [1m[35m (7.8ms)[0m  [1m[34mSELECT "schema_migrations"."version" FROM "schema_migrations" ORDER BY "schema_migrations"."version" ASC[0m
  [1m[35m (4.1ms)[0m  [1m[34mSELECT "schema_migrations"."version" FROM "schema_migrations" ORDER BY "schema_migrations"."version" ASC[0m
  [1m[35m (6.7ms)[0m  [1m[34mSELECT "schema_migrations"."version" FROM "schema_migrations" ORDER BY "schema_migrations"."version" ASC[0m
  [1m[35m (8.2ms)[0m  [1m[34mSELECT "schema_migrations"."version" FROM "schema_migrations" ORDER BY "schema_migrations"."version" ASC[0m
Processing by TradesController#index as */*
Processing by VotesController#index as */*
Processing by TeamsController#index as */*
Processing by PlayersController#index as */*
Processing by UsersController#index as */*
  [1m[36mTeam Load (50.9ms)[0m  [1m[34mSELECT "teams".* FROM "teams"[0m
  [1m[36mVote Load (56.3ms)[0m  [1m[34mSELECT "votes".* FROM "votes"[0m
  [1m[36mUser Load (38.7ms)[0m  [1m[34mSELECT "users".* FROM "users"[0m
  ↳ app/controllers/teams_controller.rb:4:in `index'
  [1m[36mTrade Load (26.9ms)[0m  [1m[34mSELECT "trades".* FROM "trades"[0m
  ↳ app/controllers/votes_controller.rb:4:in `index'
  ↳ app/controllers/users_controller.rb:4:in `index'
  ↳ app/controllers/trades_controller.rb:4:in `index'
  [1m[36mPlayer Load (72.8ms)[0m  [1m[34mSELECT "players".* FROM "players"[0m
  ↳ app/controllers/players_controller.rb:4:in `index'
Completed 200 OK in 158ms (Views: 0.7ms | ActiveRecord: 85.4ms | Allocations: 24216)


Completed 200 OK in 280ms (Views: 0.1ms | ActiveRecord: 225.4ms | Allocations: 56543)


Completed 200 OK in 332ms (Views: 0.1ms | ActiveRecord: 127.8ms | Allocations: 115714)


Completed 200 OK in 196ms (Views: 0.1ms | ActiveRecord: 126.8ms | Allocations: 32510)


  [1m[36mSwap Load (7.1ms)[0m  [1m[34mSELECT "swaps".* FROM "swaps" WHERE "swaps"."trade_id" = $1[0m  [["trade_id", 120]]
  ↳ app/controllers/trades_controller.rb:4:in `index'
  [1m[36mSwap Load (20.3ms)[0m  [1m[34mSELECT "swaps".* FROM "swaps" WHERE "swaps"."trade_id" = $1[0m  [["trade_id", 121]]
  ↳ app/controllers/trades_controller.rb:4:in `index'
  [1m[36mSwap Load (0.6ms)[0m  [1m[34mSELECT "swaps".* FROM "swaps" WHERE "swaps"."trade_id" = $1[0m  [["trade_id", 122]]
  ↳ app/controllers/trades_controller.rb:4:in `index'
  [1m[36mSwap Load (0.6ms)[0m  [1m[34mSELECT "swaps".* FROM "swaps" WHERE "swaps"."trade_id" = $1[0m  [["trade_id", 123]]
  ↳ app/controllers/trades_controller.rb:4:in `index'
  [1m[36mSwap Load (25.8ms)[0m  [1m[34mSELECT "swaps".* FROM "swaps" WHERE "swaps"."trade_id" = $1[0m  [["trade_id", 124]]
  ↳ app/controllers/trades_controller.rb:4:in `index'
  [1m[36mSwap Load (0.5ms)[0m  [1m[34mSELECT "swaps".* FROM "swaps" WHERE "swaps"."trade_id" = $1[0m  [["trade_id", 125]]
  ↳ app/controllers/trades_controller.rb:4:in `index'
  [1m[36mSwap Load (0.4ms)[0m  [1m[34mSELECT "swaps".* FROM "swaps" WHERE "swaps"."trade_id" = $1[0m  [["trade_id", 126]]
  ↳ app/controllers/trades_controller.rb:4:in `index'
  [1m[36mSwap Load (37.3ms)[0m  [1m[34mSELECT "swaps".* FROM "swaps" WHERE "swaps"."trade_id" = $1[0m  [["trade_id", 127]]
  ↳ app/controllers/trades_controller.rb:4:in `index'
  [1m[36mSwap Load (1.0ms)[0m  [1m[34mSELECT "swaps".* FROM "swaps" WHERE "swaps"."trade_id" = $1[0m  [["trade_id", 130]]
  ↳ app/controllers/trades_controller.rb:4:in `index'
  [1m[36mSwap Load (0.3ms)[0m  [1m[34mSELECT "swaps".* FROM "swaps" WHERE "swaps"."trade_id" = $1[0m  [["trade_id", 132]]
  ↳ app/controllers/trades_controller.rb:4:in `index'
  [1m[36mSwap Load (0.2ms)[0m  [1m[34mSELECT "swaps".* FROM "swaps" WHERE "swaps"."trade_id" = $1[0m  [["trade_id", 134]]
  ↳ app/controllers/trades_controller.rb:4:in `index'
  [1m[36mSwap Load (0.4ms)[0m  [1m[34mSELECT "swaps".* FROM "swaps" WHERE "swaps"."trade_id" = $1[0m  [["trade_id", 135]]
  ↳ app/controllers/trades_controller.rb:4:in `index'
  [1m[36mSwap Load (0.4ms)[0m  [1m[34mSELECT "swaps".* FROM "swaps" WHERE "swaps"."trade_id" = $1[0m  [["trade_id", 136]]
  ↳ app/controllers/trades_controller.rb:4:in `index'
  [1m[36mSwap Load (0.5ms)[0m  [1m[34mSELECT "swaps".* FROM "swaps" WHERE "swaps"."trade_id" = $1[0m  [["trade_id", 137]]
  ↳ app/controllers/trades_controller.rb:4:in `index'
  [1m[36mSwap Load (0.4ms)[0m  [1m[34mSELECT "swaps".* FROM "swaps" WHERE "swaps"."trade_id" = $1[0m  [["trade_id", 138]]
  ↳ app/controllers/trades_controller.rb:4:in `index'
Completed 200 OK in 578ms (Views: 0.2ms | ActiveRecord: 188.7ms | Allocations: 144586)


Started POST "/login" for ::1 at 2020-04-20 14:03:30 -0400
Processing by AuthController#create as JSON
  Parameters: {"name"=>"", "password"=>"[FILTERED]", "auth"=>{"name"=>"", "password"=>"[FILTERED]"}}
  [1m[36mUser Load (2.6ms)[0m  [1m[34mSELECT "users".* FROM "users" WHERE "users"."name" = $1 LIMIT $2[0m  [["name", ""], ["LIMIT", 1]]
  ↳ app/controllers/auth_controller.rb:3:in `create'
Completed 200 OK in 22ms (Views: 0.2ms | ActiveRecord: 2.6ms | Allocations: 760)


Started POST "/login" for ::1 at 2020-04-20 14:03:32 -0400
Processing by AuthController#create as JSON
  Parameters: {"name"=>"", "password"=>"[FILTERED]", "auth"=>{"name"=>"", "password"=>"[FILTERED]"}}
  [1m[36mUser Load (0.4ms)[0m  [1m[34mSELECT "users".* FROM "users" WHERE "users"."name" = $1 LIMIT $2[0m  [["name", ""], ["LIMIT", 1]]
  ↳ app/controllers/auth_controller.rb:3:in `create'
Completed 200 OK in 2ms (Views: 0.2ms | ActiveRecord: 0.4ms | Allocations: 614)


Started POST "/users" for ::1 at 2020-04-20 14:06:17 -0400
Processing by UsersController#create as */*
  Parameters: {"name"=>"Jack", "team"=>"Los Angeles Clippers", "password"=>"[FILTERED]", "user"=>{"name"=>"Jack", "team"=>"Los Angeles Clippers"}}
  [1m[35m (2.4ms)[0m  [1m[35mBEGIN[0m
  ↳ app/controllers/users_controller.rb:10:in `create'
  [1m[36mUser Exists? (1.1ms)[0m  [1m[34mSELECT 1 AS one FROM "users" WHERE "users"."name" = $1 LIMIT $2[0m  [["name", "Jack"], ["LIMIT", 1]]
  ↳ app/controllers/users_controller.rb:10:in `create'
  [1m[35m (1.3ms)[0m  [1m[31mROLLBACK[0m
  ↳ app/controllers/users_controller.rb:10:in `create'
Completed 200 OK in 360ms (Views: 2.1ms | ActiveRecord: 4.8ms | Allocations: 6169)


Started POST "/trades" for ::1 at 2020-04-20 14:06:50 -0400
Processing by TradesController#create as JSON
  Parameters: {"user"=>{"id"=>nil, "name"=>"Jack", "team"=>"Los Angeles Clippers", "created_at"=>nil, "updated_at"=>nil, "password_digest"=>"[FILTERED]"}, "swap_attributes"=>[[{"id"=>1930, "name"=>"Golden State Warriors", "cap_space"=>nil, "logo"=>"https://d1dglpr230r57l.cloudfront.net/images/thumb/warriors1.png", "cap_spent"=>"$131,521,342"}, [{"id"=>5036, "name"=>"James Harden", "year_signed"=>nil, "signed_using"=>"Bird", "trade_clause"=>false, "position"=>"Shooting Guard", "team_id"=>1931, "salary"=>"$38,199,000", "final_year_of_contract"=>"2023", "player_image"=>"https://d1dglpr230r57l.cloudfront.net/headshots/nba/6312.png"}]], [{"id"=>1931, "name"=>"Houston Rockets", "cap_space"=>nil, "logo"=>"https://d1dglpr230r57l.cloudfront.net/images/thumb/houston-rockets.png", "cap_spent"=>"$127,603,930"}, [{"id"=>5068, "name"=>"Stephen Curry", "year_signed"=>nil, "signed_using"=>"Bird", "trade_clause"=>false, "position"=>"Point Guard", "team_id"=>1930, "salary"=>"$40,231,758", "final_year_of_contract"=>"2022", "player_image"=>"https://d1dglpr230r57l.cloudfront.net/headshots/nba/6287.png"}]]], "trade"=>{}}
  [1m[36mUser Load (0.6ms)[0m  [1m[34mSELECT "users".* FROM "users" WHERE "users"."id" IS NULL LIMIT $1[0m  [["LIMIT", 1]]
  ↳ app/controllers/trades_controller.rb:11:in `create'
  [1m[35m (0.2ms)[0m  [1m[35mBEGIN[0m
  ↳ app/controllers/trades_controller.rb:24:in `block (2 levels) in create_swaps'
  [1m[36mPlayer Load (4.2ms)[0m  [1m[34mSELECT "players".* FROM "players" WHERE "players"."id" = $1 LIMIT $2[0m  [["id", 5036], ["LIMIT", 1]]
  ↳ app/controllers/trades_controller.rb:24:in `block (2 levels) in create_swaps'
  [1m[36mTeam Load (0.8ms)[0m  [1m[34mSELECT "teams".* FROM "teams" WHERE "teams"."id" = $1 LIMIT $2[0m  [["id", 1930], ["LIMIT", 1]]
  ↳ app/controllers/trades_controller.rb:24:in `block (2 levels) in create_swaps'
  [1m[35m (0.5ms)[0m  [1m[31mROLLBACK[0m
  ↳ app/controllers/trades_controller.rb:24:in `block (2 levels) in create_swaps'
  [1m[35m (0.2ms)[0m  [1m[35mBEGIN[0m
  ↳ app/controllers/trades_controller.rb:24:in `block (2 levels) in create_swaps'
  [1m[36mPlayer Load (0.7ms)[0m  [1m[34mSELECT "players".* FROM "players" WHERE "players"."id" = $1 LIMIT $2[0m  [["id", 5068], ["LIMIT", 1]]
  ↳ app/controllers/trades_controller.rb:24:in `block (2 levels) in create_swaps'
  [1m[36mTeam Load (0.9ms)[0m  [1m[34mSELECT "teams".* FROM "teams" WHERE "teams"."id" = $1 LIMIT $2[0m  [["id", 1931], ["LIMIT", 1]]
  ↳ app/controllers/trades_controller.rb:24:in `block (2 levels) in create_swaps'
  [1m[35m (0.8ms)[0m  [1m[31mROLLBACK[0m
  ↳ app/controllers/trades_controller.rb:24:in `block (2 levels) in create_swaps'
Completed 200 OK in 98ms (Views: 0.3ms | ActiveRecord: 8.9ms | Allocations: 12167)


Started GET "/trades" for ::1 at 2020-04-20 14:06:58 -0400
Started GET "/players" for ::1 at 2020-04-20 14:06:58 -0400
Started GET "/users" for ::1 at 2020-04-20 14:06:58 -0400
Started GET "/teams" for ::1 at 2020-04-20 14:06:58 -0400
Started GET "/votes" for ::1 at 2020-04-20 14:06:58 -0400
Processing by TradesController#index as */*
Processing by PlayersController#index as */*
  [1m[36mTrade Load (16.9ms)[0m  [1m[34mSELECT "trades".* FROM "trades"[0m
  ↳ app/controllers/trades_controller.rb:4:in `index'
Processing by UsersController#index as */*
Processing by TeamsController#index as */*
  [1m[36mPlayer Load (91.1ms)[0m  [1m[34mSELECT "players".* FROM "players"[0m
  ↳ app/controllers/players_controller.rb:4:in `index'
  [1m[36mUser Load (238.0ms)[0m  [1m[34mSELECT "users".* FROM "users"[0m
  ↳ app/controllers/users_controller.rb:4:in `index'
Processing by VotesController#index as */*
Completed 200 OK in 252ms (Views: 0.1ms | ActiveRecord: 238.0ms | Allocations: 30805)


  [1m[36mTeam Load (240.4ms)[0m  [1m[34mSELECT "teams".* FROM "teams"[0m
  ↳ app/controllers/teams_controller.rb:4:in `index'
Completed 200 OK in 355ms (Views: 0.1ms | ActiveRecord: 91.1ms | Allocations: 87076)


  [1m[36mVote Load (76.2ms)[0m  [1m[34mSELECT "votes".* FROM "votes"[0m
Completed 200 OK in 325ms (Views: 0.1ms | ActiveRecord: 240.4ms | Allocations: 85705)


  [1m[36mSwap Load (339.3ms)[0m  [1m[34mSELECT "swaps".* FROM "swaps" WHERE "swaps"."trade_id" = $1[0m  [["trade_id", 120]]
  ↳ app/controllers/votes_controller.rb:4:in `index'
  ↳ app/controllers/trades_controller.rb:4:in `index'
Completed 200 OK in 83ms (Views: 0.5ms | ActiveRecord: 76.2ms | Allocations: 57686)


  [1m[36mSwap Load (2.8ms)[0m  [1m[34mSELECT "swaps".* FROM "swaps" WHERE "swaps"."trade_id" = $1[0m  [["trade_id", 121]]
  ↳ app/controllers/trades_controller.rb:4:in `index'
  [1m[36mSwap Load (1.9ms)[0m  [1m[34mSELECT "swaps".* FROM "swaps" WHERE "swaps"."trade_id" = $1[0m  [["trade_id", 122]]
  ↳ app/controllers/trades_controller.rb:4:in `index'
  [1m[36mSwap Load (5.8ms)[0m  [1m[34mSELECT "swaps".* FROM "swaps" WHERE "swaps"."trade_id" = $1[0m  [["trade_id", 123]]
  ↳ app/controllers/trades_controller.rb:4:in `index'
  [1m[36mSwap Load (0.4ms)[0m  [1m[34mSELECT "swaps".* FROM "swaps" WHERE "swaps"."trade_id" = $1[0m  [["trade_id", 124]]
  ↳ app/controllers/trades_controller.rb:4:in `index'
  [1m[36mSwap Load (0.4ms)[0m  [1m[34mSELECT "swaps".* FROM "swaps" WHERE "swaps"."trade_id" = $1[0m  [["trade_id", 125]]
  ↳ app/controllers/trades_controller.rb:4:in `index'
  [1m[36mSwap Load (0.4ms)[0m  [1m[34mSELECT "swaps".* FROM "swaps" WHERE "swaps"."trade_id" = $1[0m  [["trade_id", 126]]
  ↳ app/controllers/trades_controller.rb:4:in `index'
  [1m[36mSwap Load (1.1ms)[0m  [1m[34mSELECT "swaps".* FROM "swaps" WHERE "swaps"."trade_id" = $1[0m  [["trade_id", 127]]
  ↳ app/controllers/trades_controller.rb:4:in `index'
  [1m[36mSwap Load (0.3ms)[0m  [1m[34mSELECT "swaps".* FROM "swaps" WHERE "swaps"."trade_id" = $1[0m  [["trade_id", 130]]
  ↳ app/controllers/trades_controller.rb:4:in `index'
  [1m[36mSwap Load (0.3ms)[0m  [1m[34mSELECT "swaps".* FROM "swaps" WHERE "swaps"."trade_id" = $1[0m  [["trade_id", 132]]
  ↳ app/controllers/trades_controller.rb:4:in `index'
  [1m[36mSwap Load (0.2ms)[0m  [1m[34mSELECT "swaps".* FROM "swaps" WHERE "swaps"."trade_id" = $1[0m  [["trade_id", 134]]
  ↳ app/controllers/trades_controller.rb:4:in `index'
  [1m[36mSwap Load (0.5ms)[0m  [1m[34mSELECT "swaps".* FROM "swaps" WHERE "swaps"."trade_id" = $1[0m  [["trade_id", 135]]
  ↳ app/controllers/trades_controller.rb:4:in `index'
  [1m[36mSwap Load (0.3ms)[0m  [1m[34mSELECT "swaps".* FROM "swaps" WHERE "swaps"."trade_id" = $1[0m  [["trade_id", 136]]
  ↳ app/controllers/trades_controller.rb:4:in `index'
  [1m[36mSwap Load (1.0ms)[0m  [1m[34mSELECT "swaps".* FROM "swaps" WHERE "swaps"."trade_id" = $1[0m  [["trade_id", 137]]
  ↳ app/controllers/trades_controller.rb:4:in `index'
  [1m[36mSwap Load (0.4ms)[0m  [1m[34mSELECT "swaps".* FROM "swaps" WHERE "swaps"."trade_id" = $1[0m  [["trade_id", 138]]
  ↳ app/controllers/trades_controller.rb:4:in `index'
Completed 200 OK in 430ms (Views: 0.1ms | ActiveRecord: 372.0ms | Allocations: 109887)


Started POST "/login" for ::1 at 2020-04-20 14:07:04 -0400
Processing by AuthController#create as JSON
  Parameters: {"name"=>"Jack", "password"=>"[FILTERED]", "auth"=>{"name"=>"Jack", "password"=>"[FILTERED]"}}
  [1m[36mUser Load (0.6ms)[0m  [1m[34mSELECT "users".* FROM "users" WHERE "users"."name" = $1 LIMIT $2[0m  [["name", "Jack"], ["LIMIT", 1]]
  ↳ app/controllers/auth_controller.rb:3:in `create'
Completed 200 OK in 279ms (Views: 0.4ms | ActiveRecord: 0.6ms | Allocations: 850)


Started POST "/trades" for ::1 at 2020-04-20 14:08:27 -0400
Processing by TradesController#create as JSON
  Parameters: {"user"=>{"id"=>18, "name"=>"Jack", "team"=>"Phoenix Suns", "created_at"=>"2020-04-01T13:46:04.262Z", "updated_at"=>"2020-04-01T13:46:04.262Z", "password_digest"=>"[FILTERED]"}, "swap_attributes"=>[[{"id"=>1929, "name"=>"Detroit Pistons", "cap_space"=>nil, "logo"=>"https://d1dglpr230r57l.cloudfront.net/images/thumb/pistons.png", "cap_spent"=>"$130,976,805"}, [{"id"=>5038, "name"=>"Robert Covington", "year_signed"=>nil, "signed_using"=>"Cap Space", "trade_clause"=>false, "position"=>"Small Forward", "team_id"=>1931, "salary"=>"$11,301,219", "final_year_of_contract"=>"2022", "player_image"=>"https://d1dglpr230r57l.cloudfront.net/headshots/nba/13379.png"}, {"id"=>5071, "name"=>"Draymond Green", "year_signed"=>nil, "signed_using"=>"Bird", "trade_clause"=>false, "position"=>"Power Forward", "team_id"=>1930, "salary"=>"$18,539,130", "final_year_of_contract"=>"2021", "player_image"=>"https://d1dglpr230r57l.cloudfront.net/headshots/nba/10860.png"}]], [{"id"=>1931, "name"=>"Houston Rockets", "cap_space"=>nil, "logo"=>"https://d1dglpr230r57l.cloudfront.net/images/thumb/houston-rockets.png", "cap_spent"=>"$127,603,930"}, [{"id"=>5070, "name"=>"Andrew Wiggins", "year_signed"=>nil, "signed_using"=>"Bird", "trade_clause"=>false, "position"=>"Small Forward", "team_id"=>1930, "salary"=>"$27,504,630", "final_year_of_contract"=>"2023", "player_image"=>"https://d1dglpr230r57l.cloudfront.net/headshots/nba/15353.png"}]], [{"id"=>1930, "name"=>"Golden State Warriors", "cap_space"=>nil, "logo"=>"https://d1dglpr230r57l.cloudfront.net/images/thumb/warriors1.png", "cap_spent"=>"$131,521,342"}, [{"id"=>4886, "name"=>"Blake Griffin", "year_signed"=>nil, "signed_using"=>"Bird", "trade_clause"=>false, "position"=>"Power Forward", "team_id"=>1929, "salary"=>"$34,449,964", "final_year_of_contract"=>"2022", "player_image"=>"https://d1dglpr230r57l.cloudfront.net/headshots/nba/6501.png"}, {"id"=>5037, "name"=>"Eric Gordon", "year_signed"=>nil, "signed_using"=>"Cap Space", "trade_clause"=>false, "position"=>"Shooting Guard", "team_id"=>1931, "salary"=>"$14,057,730", "final_year_of_contract"=>"2021", "player_image"=>"https://d1dglpr230r57l.cloudfront.net/headshots/nba/6116.png"}]]], "trade"=>{}}
  [1m[36mUser Load (1.7ms)[0m  [1m[34mSELECT "users".* FROM "users" WHERE "users"."id" = $1 LIMIT $2[0m  [["id", 18], ["LIMIT", 1]]
  ↳ app/controllers/trades_controller.rb:11:in `create'
  [1m[35m (0.4ms)[0m  [1m[35mBEGIN[0m
  ↳ app/controllers/trades_controller.rb:12:in `create'
  [1m[36mTrade Create (44.7ms)[0m  [1m[32mINSERT INTO "trades" ("user_id", "created_at", "updated_at") VALUES ($1, $2, $3) RETURNING "id"[0m  [["user_id", 18], ["created_at", "2020-04-20 18:08:27.057873"], ["updated_at", "2020-04-20 18:08:27.057873"]]
  ↳ app/controllers/trades_controller.rb:12:in `create'
  [1m[35m (3.7ms)[0m  [1m[35mCOMMIT[0m
  ↳ app/controllers/trades_controller.rb:12:in `create'
  [1m[35m (0.2ms)[0m  [1m[35mBEGIN[0m
  ↳ app/controllers/trades_controller.rb:24:in `block (2 levels) in create_swaps'
  [1m[36mTrade Load (0.3ms)[0m  [1m[34mSELECT "trades".* FROM "trades" WHERE "trades"."id" = $1 LIMIT $2[0m  [["id", 139], ["LIMIT", 1]]
  ↳ app/controllers/trades_controller.rb:24:in `block (2 levels) in create_swaps'
  [1m[36mPlayer Load (0.5ms)[0m  [1m[34mSELECT "players".* FROM "players" WHERE "players"."id" = $1 LIMIT $2[0m  [["id", 5038], ["LIMIT", 1]]
  ↳ app/controllers/trades_controller.rb:24:in `block (2 levels) in create_swaps'
  [1m[36mTeam Load (0.5ms)[0m  [1m[34mSELECT "teams".* FROM "teams" WHERE "teams"."id" = $1 LIMIT $2[0m  [["id", 1929], ["LIMIT", 1]]
  ↳ app/controllers/trades_controller.rb:24:in `block (2 levels) in create_swaps'
  [1m[36mSwap Create (19.9ms)[0m  [1m[32mINSERT INTO "swaps" ("trade_id", "player_id", "created_at", "updated_at", "team_id") VALUES ($1, $2, $3, $4, $5) RETURNING "id"[0m  [["trade_id", 139], ["player_id", 5038], ["created_at", "2020-04-20 18:08:27.123625"], ["updated_at", "2020-04-20 18:08:27.123625"], ["team_id", 1929]]
  ↳ app/controllers/trades_controller.rb:24:in `block (2 levels) in create_swaps'
  [1m[35m (0.5ms)[0m  [1m[35mCOMMIT[0m
  ↳ app/controllers/trades_controller.rb:24:in `block (2 levels) in create_swaps'
  [1m[35m (0.2ms)[0m  [1m[35mBEGIN[0m
  ↳ app/controllers/trades_controller.rb:24:in `block (2 levels) in create_swaps'
  [1m[36mTrade Load (0.5ms)[0m  [1m[34mSELECT "trades".* FROM "trades" WHERE "trades"."id" = $1 LIMIT $2[0m  [["id", 139], ["LIMIT", 1]]
  ↳ app/controllers/trades_controller.rb:24:in `block (2 levels) in create_swaps'
  [1m[36mPlayer Load (0.5ms)[0m  [1m[34mSELECT "players".* FROM "players" WHERE "players"."id" = $1 LIMIT $2[0m  [["id", 5071], ["LIMIT", 1]]
  ↳ app/controllers/trades_controller.rb:24:in `block (2 levels) in create_swaps'
  [1m[36mTeam Load (0.5ms)[0m  [1m[34mSELECT "teams".* FROM "teams" WHERE "teams"."id" = $1 LIMIT $2[0m  [["id", 1929], ["LIMIT", 1]]
  ↳ app/controllers/trades_controller.rb:24:in `block (2 levels) in create_swaps'
  [1m[36mSwap Create (1.8ms)[0m  [1m[32mINSERT INTO "swaps" ("trade_id", "player_id", "created_at", "updated_at", "team_id") VALUES ($1, $2, $3, $4, $5) RETURNING "id"[0m  [["trade_id", 139], ["player_id", 5071], ["created_at", "2020-04-20 18:08:27.156913"], ["updated_at", "2020-04-20 18:08:27.156913"], ["team_id", 1929]]
  ↳ app/controllers/trades_controller.rb:24:in `block (2 levels) in create_swaps'
  [1m[35m (0.5ms)[0m  [1m[35mCOMMIT[0m
  ↳ app/controllers/trades_controller.rb:24:in `block (2 levels) in create_swaps'
  [1m[35m (0.2ms)[0m  [1m[35mBEGIN[0m
  ↳ app/controllers/trades_controller.rb:24:in `block (2 levels) in create_swaps'
  [1m[36mTrade Load (0.6ms)[0m  [1m[34mSELECT "trades".* FROM "trades" WHERE "trades"."id" = $1 LIMIT $2[0m  [["id", 139], ["LIMIT", 1]]
  ↳ app/controllers/trades_controller.rb:24:in `block (2 levels) in create_swaps'
  [1m[36mPlayer Load (0.5ms)[0m  [1m[34mSELECT "players".* FROM "players" WHERE "players"."id" = $1 LIMIT $2[0m  [["id", 5070], ["LIMIT", 1]]
  ↳ app/controllers/trades_controller.rb:24:in `block (2 levels) in create_swaps'
  [1m[36mTeam Load (0.4ms)[0m  [1m[34mSELECT "teams".* FROM "teams" WHERE "teams"."id" = $1 LIMIT $2[0m  [["id", 1931], ["LIMIT", 1]]
  ↳ app/controllers/trades_controller.rb:24:in `block (2 levels) in create_swaps'
  [1m[36mSwap Create (12.1ms)[0m  [1m[32mINSERT INTO "swaps" ("trade_id", "player_id", "created_at", "updated_at", "team_id") VALUES ($1, $2, $3, $4, $5) RETURNING "id"[0m  [["trade_id", 139], ["player_id", 5070], ["created_at", "2020-04-20 18:08:27.171750"], ["updated_at", "2020-04-20 18:08:27.171750"], ["team_id", 1931]]
  ↳ app/controllers/trades_controller.rb:24:in `block (2 levels) in create_swaps'
  [1m[35m (1.0ms)[0m  [1m[35mCOMMIT[0m
  ↳ app/controllers/trades_controller.rb:24:in `block (2 levels) in create_swaps'
  [1m[35m (0.2ms)[0m  [1m[35mBEGIN[0m
  ↳ app/controllers/trades_controller.rb:24:in `block (2 levels) in create_swaps'
  [1m[36mTrade Load (0.4ms)[0m  [1m[34mSELECT "trades".* FROM "trades" WHERE "trades"."id" = $1 LIMIT $2[0m  [["id", 139], ["LIMIT", 1]]
  ↳ app/controllers/trades_controller.rb:24:in `block (2 levels) in create_swaps'
  [1m[36mPlayer Load (0.4ms)[0m  [1m[34mSELECT "players".* FROM "players" WHERE "players"."id" = $1 LIMIT $2[0m  [["id", 4886], ["LIMIT", 1]]
  ↳ app/controllers/trades_controller.rb:24:in `block (2 levels) in create_swaps'
  [1m[36mTeam Load (0.4ms)[0m  [1m[34mSELECT "teams".* FROM "teams" WHERE "teams"."id" = $1 LIMIT $2[0m  [["id", 1930], ["LIMIT", 1]]
  ↳ app/controllers/trades_controller.rb:24:in `block (2 levels) in create_swaps'
  [1m[36mSwap Create (0.9ms)[0m  [1m[32mINSERT INTO "swaps" ("trade_id", "player_id", "created_at", "updated_at", "team_id") VALUES ($1, $2, $3, $4, $5) RETURNING "id"[0m  [["trade_id", 139], ["player_id", 4886], ["created_at", "2020-04-20 18:08:27.197445"], ["updated_at", "2020-04-20 18:08:27.197445"], ["team_id", 1930]]
  ↳ app/controllers/trades_controller.rb:24:in `block (2 levels) in create_swaps'
  [1m[35m (0.5ms)[0m  [1m[35mCOMMIT[0m
  ↳ app/controllers/trades_controller.rb:24:in `block (2 levels) in create_swaps'
  [1m[35m (0.2ms)[0m  [1m[35mBEGIN[0m
  ↳ app/controllers/trades_controller.rb:24:in `block (2 levels) in create_swaps'
  [1m[36mTrade Load (0.7ms)[0m  [1m[34mSELECT "trades".* FROM "trades" WHERE "trades"."id" = $1 LIMIT $2[0m  [["id", 139], ["LIMIT", 1]]
  ↳ app/controllers/trades_controller.rb:24:in `block (2 levels) in create_swaps'
  [1m[36mPlayer Load (0.4ms)[0m  [1m[34mSELECT "players".* FROM "players" WHERE "players"."id" = $1 LIMIT $2[0m  [["id", 5037], ["LIMIT", 1]]
  ↳ app/controllers/trades_controller.rb:24:in `block (2 levels) in create_swaps'
  [1m[36mTeam Load (2.7ms)[0m  [1m[34mSELECT "teams".* FROM "teams" WHERE "teams"."id" = $1 LIMIT $2[0m  [["id", 1930], ["LIMIT", 1]]
  ↳ app/controllers/trades_controller.rb:24:in `block (2 levels) in create_swaps'
  [1m[36mSwap Create (1.3ms)[0m  [1m[32mINSERT INTO "swaps" ("trade_id", "player_id", "created_at", "updated_at", "team_id") VALUES ($1, $2, $3, $4, $5) RETURNING "id"[0m  [["trade_id", 139], ["player_id", 5037], ["created_at", "2020-04-20 18:08:27.215240"], ["updated_at", "2020-04-20 18:08:27.215240"], ["team_id", 1930]]
  ↳ app/controllers/trades_controller.rb:24:in `block (2 levels) in create_swaps'
  [1m[35m (0.5ms)[0m  [1m[35mCOMMIT[0m
  ↳ app/controllers/trades_controller.rb:24:in `block (2 levels) in create_swaps'
  [1m[36mSwap Load (0.7ms)[0m  [1m[34mSELECT "swaps".* FROM "swaps" WHERE "swaps"."trade_id" = $1[0m  [["trade_id", 139]]
  ↳ app/controllers/trades_controller.rb:16:in `create'
Completed 200 OK in 173ms (Views: 0.1ms | ActiveRecord: 100.5ms | Allocations: 30537)


Started GET "/trades" for ::1 at 2020-04-20 14:09:07 -0400
Started GET "/users" for ::1 at 2020-04-20 14:09:07 -0400
Started GET "/teams" for ::1 at 2020-04-20 14:09:07 -0400
Started GET "/players" for ::1 at 2020-04-20 14:09:07 -0400
Started GET "/votes" for ::1 at 2020-04-20 14:09:07 -0400
Processing by UsersController#index as */*
Processing by TradesController#index as */*
Processing by VotesController#index as */*
Processing by PlayersController#index as */*
Processing by TeamsController#index as */*
  [1m[36mUser Load (2.4ms)[0m  [1m[34mSELECT "users".* FROM "users"[0m
  ↳ app/controllers/users_controller.rb:4:in `index'
  [1m[36mTrade Load (3.1ms)[0m  [1m[34mSELECT "trades".* FROM "trades"[0m
Completed 200 OK in 10ms (Views: 0.1ms | ActiveRecord: 2.4ms | Allocations: 4330)


  [1m[36mTeam Load (7.5ms)[0m  [1m[34mSELECT "teams".* FROM "teams"[0m
  ↳ app/controllers/trades_controller.rb:4:in `index'
  ↳ app/controllers/teams_controller.rb:4:in `index'
Completed 200 OK in 15ms (Views: 0.1ms | ActiveRecord: 7.5ms | Allocations: 8253)


  [1m[36mVote Load (21.0ms)[0m  [1m[34mSELECT "votes".* FROM "votes"[0m
  ↳ app/controllers/votes_controller.rb:4:in `index'
Completed 200 OK in 25ms (Views: 0.1ms | ActiveRecord: 21.0ms | Allocations: 10228)


  [1m[36mPlayer Load (86.0ms)[0m  [1m[34mSELECT "players".* FROM "players"[0m
  ↳ app/controllers/players_controller.rb:4:in `index'
Completed 200 OK in 258ms (Views: 0.1ms | ActiveRecord: 86.0ms | Allocations: 86856)


  [1m[36mSwap Load (5.1ms)[0m  [1m[34mSELECT "swaps".* FROM "swaps" WHERE "swaps"."trade_id" = $1[0m  [["trade_id", 120]]
  ↳ app/controllers/trades_controller.rb:4:in `index'
  [1m[36mSwap Load (0.5ms)[0m  [1m[34mSELECT "swaps".* FROM "swaps" WHERE "swaps"."trade_id" = $1[0m  [["trade_id", 121]]
  ↳ app/controllers/trades_controller.rb:4:in `index'
  [1m[36mSwap Load (1.7ms)[0m  [1m[34mSELECT "swaps".* FROM "swaps" WHERE "swaps"."trade_id" = $1[0m  [["trade_id", 122]]
  ↳ app/controllers/trades_controller.rb:4:in `index'
  [1m[36mSwap Load (0.4ms)[0m  [1m[34mSELECT "swaps".* FROM "swaps" WHERE "swaps"."trade_id" = $1[0m  [["trade_id", 123]]
  ↳ app/controllers/trades_controller.rb:4:in `index'
  [1m[36mSwap Load (0.4ms)[0m  [1m[34mSELECT "swaps".* FROM "swaps" WHERE "swaps"."trade_id" = $1[0m  [["trade_id", 124]]
  ↳ app/controllers/trades_controller.rb:4:in `index'
  [1m[36mSwap Load (0.5ms)[0m  [1m[34mSELECT "swaps".* FROM "swaps" WHERE "swaps"."trade_id" = $1[0m  [["trade_id", 125]]
  ↳ app/controllers/trades_controller.rb:4:in `index'
  [1m[36mSwap Load (0.3ms)[0m  [1m[34mSELECT "swaps".* FROM "swaps" WHERE "swaps"."trade_id" = $1[0m  [["trade_id", 126]]
  ↳ app/controllers/trades_controller.rb:4:in `index'
  [1m[36mSwap Load (0.3ms)[0m  [1m[34mSELECT "swaps".* FROM "swaps" WHERE "swaps"."trade_id" = $1[0m  [["trade_id", 127]]
  ↳ app/controllers/trades_controller.rb:4:in `index'
  [1m[36mSwap Load (0.3ms)[0m  [1m[34mSELECT "swaps".* FROM "swaps" WHERE "swaps"."trade_id" = $1[0m  [["trade_id", 130]]
  ↳ app/controllers/trades_controller.rb:4:in `index'
  [1m[36mSwap Load (0.3ms)[0m  [1m[34mSELECT "swaps".* FROM "swaps" WHERE "swaps"."trade_id" = $1[0m  [["trade_id", 132]]
  ↳ app/controllers/trades_controller.rb:4:in `index'
  [1m[36mSwap Load (0.3ms)[0m  [1m[34mSELECT "swaps".* FROM "swaps" WHERE "swaps"."trade_id" = $1[0m  [["trade_id", 134]]
  ↳ app/controllers/trades_controller.rb:4:in `index'
  [1m[36mSwap Load (0.3ms)[0m  [1m[34mSELECT "swaps".* FROM "swaps" WHERE "swaps"."trade_id" = $1[0m  [["trade_id", 135]]
  ↳ app/controllers/trades_controller.rb:4:in `index'
  [1m[36mSwap Load (0.2ms)[0m  [1m[34mSELECT "swaps".* FROM "swaps" WHERE "swaps"."trade_id" = $1[0m  [["trade_id", 136]]
  ↳ app/controllers/trades_controller.rb:4:in `index'
  [1m[36mSwap Load (0.4ms)[0m  [1m[34mSELECT "swaps".* FROM "swaps" WHERE "swaps"."trade_id" = $1[0m  [["trade_id", 137]]
  ↳ app/controllers/trades_controller.rb:4:in `index'
  [1m[36mSwap Load (0.3ms)[0m  [1m[34mSELECT "swaps".* FROM "swaps" WHERE "swaps"."trade_id" = $1[0m  [["trade_id", 138]]
  ↳ app/controllers/trades_controller.rb:4:in `index'
  [1m[36mSwap Load (0.3ms)[0m  [1m[34mSELECT "swaps".* FROM "swaps" WHERE "swaps"."trade_id" = $1[0m  [["trade_id", 139]]
  ↳ app/controllers/trades_controller.rb:4:in `index'
Completed 200 OK in 302ms (Views: 0.1ms | ActiveRecord: 18.7ms | Allocations: 104532)


Started POST "/login" for ::1 at 2020-04-20 14:09:12 -0400
Processing by AuthController#create as JSON
  Parameters: {"name"=>"Jack", "password"=>"[FILTERED]", "auth"=>{"name"=>"Jack", "password"=>"[FILTERED]"}}
  [1m[36mUser Load (0.4ms)[0m  [1m[34mSELECT "users".* FROM "users" WHERE "users"."name" = $1 LIMIT $2[0m  [["name", "Jack"], ["LIMIT", 1]]
  ↳ app/controllers/auth_controller.rb:3:in `create'
Completed 200 OK in 256ms (Views: 0.4ms | ActiveRecord: 0.4ms | Allocations: 852)


Started POST "/trades" for ::1 at 2020-04-20 14:09:47 -0400
Processing by TradesController#create as JSON
  Parameters: {"user"=>{"id"=>18, "name"=>"Jack", "team"=>"Phoenix Suns", "created_at"=>"2020-04-01T13:46:04.262Z", "updated_at"=>"2020-04-01T13:46:04.262Z", "password_digest"=>"[FILTERED]"}, "swap_attributes"=>[[{"id"=>1930, "name"=>"Golden State Warriors", "cap_space"=>nil, "logo"=>"https://d1dglpr230r57l.cloudfront.net/images/thumb/warriors1.png", "cap_spent"=>"$131,521,342"}, [{"id"=>5036, "name"=>"James Harden", "year_signed"=>nil, "signed_using"=>"Bird", "trade_clause"=>false, "position"=>"Shooting Guard", "team_id"=>1931, "salary"=>"$38,199,000", "final_year_of_contract"=>"2023", "player_image"=>"https://d1dglpr230r57l.cloudfront.net/headshots/nba/6312.png"}]], [{"id"=>1931, "name"=>"Houston Rockets", "cap_space"=>nil, "logo"=>"https://d1dglpr230r57l.cloudfront.net/images/thumb/houston-rockets.png", "cap_spent"=>"$127,603,930"}, [{"id"=>5068, "name"=>"Stephen Curry", "year_signed"=>nil, "signed_using"=>"Bird", "trade_clause"=>false, "position"=>"Point Guard", "team_id"=>1930, "salary"=>"$40,231,758", "final_year_of_contract"=>"2022", "player_image"=>"https://d1dglpr230r57l.cloudfront.net/headshots/nba/6287.png"}]]], "trade"=>{}}
  [1m[36mUser Load (1.1ms)[0m  [1m[34mSELECT "users".* FROM "users" WHERE "users"."id" = $1 LIMIT $2[0m  [["id", 18], ["LIMIT", 1]]
  ↳ app/controllers/trades_controller.rb:11:in `create'
  [1m[35m (0.2ms)[0m  [1m[35mBEGIN[0m
  ↳ app/controllers/trades_controller.rb:12:in `create'
  [1m[36mTrade Create (2.9ms)[0m  [1m[32mINSERT INTO "trades" ("user_id", "created_at", "updated_at") VALUES ($1, $2, $3) RETURNING "id"[0m  [["user_id", 18], ["created_at", "2020-04-20 18:09:47.301216"], ["updated_at", "2020-04-20 18:09:47.301216"]]
  ↳ app/controllers/trades_controller.rb:12:in `create'
  [1m[35m (0.8ms)[0m  [1m[35mCOMMIT[0m
  ↳ app/controllers/trades_controller.rb:12:in `create'
  [1m[35m (0.2ms)[0m  [1m[35mBEGIN[0m
  ↳ app/controllers/trades_controller.rb:24:in `block (2 levels) in create_swaps'
  [1m[36mTrade Load (0.4ms)[0m  [1m[34mSELECT "trades".* FROM "trades" WHERE "trades"."id" = $1 LIMIT $2[0m  [["id", 140], ["LIMIT", 1]]
  ↳ app/controllers/trades_controller.rb:24:in `block (2 levels) in create_swaps'
  [1m[36mPlayer Load (1.0ms)[0m  [1m[34mSELECT "players".* FROM "players" WHERE "players"."id" = $1 LIMIT $2[0m  [["id", 5036], ["LIMIT", 1]]
  ↳ app/controllers/trades_controller.rb:24:in `block (2 levels) in create_swaps'
  [1m[36mTeam Load (0.7ms)[0m  [1m[34mSELECT "teams".* FROM "teams" WHERE "teams"."id" = $1 LIMIT $2[0m  [["id", 1930], ["LIMIT", 1]]
  ↳ app/controllers/trades_controller.rb:24:in `block (2 levels) in create_swaps'
  [1m[36mSwap Create (2.6ms)[0m  [1m[32mINSERT INTO "swaps" ("trade_id", "player_id", "created_at", "updated_at", "team_id") VALUES ($1, $2, $3, $4, $5) RETURNING "id"[0m  [["trade_id", 140], ["player_id", 5036], ["created_at", "2020-04-20 18:09:47.370153"], ["updated_at", "2020-04-20 18:09:47.370153"], ["team_id", 1930]]
  ↳ app/controllers/trades_controller.rb:24:in `block (2 levels) in create_swaps'
  [1m[35m (1.7ms)[0m  [1m[35mCOMMIT[0m
  ↳ app/controllers/trades_controller.rb:24:in `block (2 levels) in create_swaps'
  [1m[35m (0.3ms)[0m  [1m[35mBEGIN[0m
  ↳ app/controllers/trades_controller.rb:24:in `block (2 levels) in create_swaps'
  [1m[36mTrade Load (0.7ms)[0m  [1m[34mSELECT "trades".* FROM "trades" WHERE "trades"."id" = $1 LIMIT $2[0m  [["id", 140], ["LIMIT", 1]]
  ↳ app/controllers/trades_controller.rb:24:in `block (2 levels) in create_swaps'
  [1m[36mPlayer Load (0.5ms)[0m  [1m[34mSELECT "players".* FROM "players" WHERE "players"."id" = $1 LIMIT $2[0m  [["id", 5068], ["LIMIT", 1]]
  ↳ app/controllers/trades_controller.rb:24:in `block (2 levels) in create_swaps'
  [1m[36mTeam Load (0.5ms)[0m  [1m[34mSELECT "teams".* FROM "teams" WHERE "teams"."id" = $1 LIMIT $2[0m  [["id", 1931], ["LIMIT", 1]]
  ↳ app/controllers/trades_controller.rb:24:in `block (2 levels) in create_swaps'
  [1m[36mSwap Create (1.3ms)[0m  [1m[32mINSERT INTO "swaps" ("trade_id", "player_id", "created_at", "updated_at", "team_id") VALUES ($1, $2, $3, $4, $5) RETURNING "id"[0m  [["trade_id", 140], ["player_id", 5068], ["created_at", "2020-04-20 18:09:47.416079"], ["updated_at", "2020-04-20 18:09:47.416079"], ["team_id", 1931]]
  ↳ app/controllers/trades_controller.rb:24:in `block (2 levels) in create_swaps'
  [1m[35m (2.5ms)[0m  [1m[35mCOMMIT[0m
  ↳ app/controllers/trades_controller.rb:24:in `block (2 levels) in create_swaps'
  [1m[36mSwap Load (0.3ms)[0m  [1m[34mSELECT "swaps".* FROM "swaps" WHERE "swaps"."trade_id" = $1[0m  [["trade_id", 140]]
  ↳ app/controllers/trades_controller.rb:16:in `create'
Completed 200 OK in 139ms (Views: 0.1ms | ActiveRecord: 17.6ms | Allocations: 14199)


Started GET "/players" for ::1 at 2020-04-20 14:10:06 -0400
Started GET "/trades" for ::1 at 2020-04-20 14:10:06 -0400
Started GET "/teams" for ::1 at 2020-04-20 14:10:06 -0400
Started GET "/users" for ::1 at 2020-04-20 14:10:06 -0400
Started GET "/votes" for ::1 at 2020-04-20 14:10:06 -0400
Processing by PlayersController#index as */*
Processing by TradesController#index as */*
Processing by UsersController#index as */*
Processing by TeamsController#index as */*
  [1m[36mPlayer Load (97.0ms)[0m  [1m[34mSELECT "players".* FROM "players"[0m
  ↳ app/controllers/players_controller.rb:4:in `index'
Processing by VotesController#index as */*
  [1m[36mUser Load (61.0ms)[0m  [1m[34mSELECT "users".* FROM "users"[0m
Completed 200 OK in 237ms (Views: 0.1ms | ActiveRecord: 97.0ms | Allocations: 81889)


  [1m[36mTrade Load (223.6ms)[0m  [1m[34mSELECT "trades".* FROM "trades"[0m
  [1m[36mVote Load (34.9ms)[0m  [1m[34mSELECT "votes".* FROM "votes"[0m
  ↳ app/controllers/users_controller.rb:4:in `index'
  ↳ app/controllers/votes_controller.rb:4:in `index'
  ↳ app/controllers/trades_controller.rb:4:in `index'
Completed 200 OK in 196ms (Views: 0.1ms | ActiveRecord: 61.0ms | Allocations: 83362)


  [1m[36mTeam Load (182.6ms)[0m  [1m[34mSELECT "teams".* FROM "teams"[0m
  ↳ app/controllers/teams_controller.rb:4:in `index'
Completed 200 OK in 47ms (Views: 0.1ms | ActiveRecord: 34.9ms | Allocations: 34871)


Completed 200 OK in 218ms (Views: 0.1ms | ActiveRecord: 182.6ms | Allocations: 88309)


  [1m[36mSwap Load (20.9ms)[0m  [1m[34mSELECT "swaps".* FROM "swaps" WHERE "swaps"."trade_id" = $1[0m  [["trade_id", 120]]
  ↳ app/controllers/trades_controller.rb:4:in `index'
  [1m[36mSwap Load (1.1ms)[0m  [1m[34mSELECT "swaps".* FROM "swaps" WHERE "swaps"."trade_id" = $1[0m  [["trade_id", 121]]
  ↳ app/controllers/trades_controller.rb:4:in `index'
  [1m[36mSwap Load (1.7ms)[0m  [1m[34mSELECT "swaps".* FROM "swaps" WHERE "swaps"."trade_id" = $1[0m  [["trade_id", 122]]
  ↳ app/controllers/trades_controller.rb:4:in `index'
  [1m[36mSwap Load (0.5ms)[0m  [1m[34mSELECT "swaps".* FROM "swaps" WHERE "swaps"."trade_id" = $1[0m  [["trade_id", 123]]
  ↳ app/controllers/trades_controller.rb:4:in `index'
  [1m[36mSwap Load (0.3ms)[0m  [1m[34mSELECT "swaps".* FROM "swaps" WHERE "swaps"."trade_id" = $1[0m  [["trade_id", 124]]
  ↳ app/controllers/trades_controller.rb:4:in `index'
  [1m[36mSwap Load (0.4ms)[0m  [1m[34mSELECT "swaps".* FROM "swaps" WHERE "swaps"."trade_id" = $1[0m  [["trade_id", 125]]
  ↳ app/controllers/trades_controller.rb:4:in `index'
  [1m[36mSwap Load (0.3ms)[0m  [1m[34mSELECT "swaps".* FROM "swaps" WHERE "swaps"."trade_id" = $1[0m  [["trade_id", 126]]
  ↳ app/controllers/trades_controller.rb:4:in `index'
  [1m[36mSwap Load (0.2ms)[0m  [1m[34mSELECT "swaps".* FROM "swaps" WHERE "swaps"."trade_id" = $1[0m  [["trade_id", 127]]
  ↳ app/controllers/trades_controller.rb:4:in `index'
  [1m[36mSwap Load (2.4ms)[0m  [1m[34mSELECT "swaps".* FROM "swaps" WHERE "swaps"."trade_id" = $1[0m  [["trade_id", 130]]
  ↳ app/controllers/trades_controller.rb:4:in `index'
  [1m[36mSwap Load (0.3ms)[0m  [1m[34mSELECT "swaps".* FROM "swaps" WHERE "swaps"."trade_id" = $1[0m  [["trade_id", 132]]
  ↳ app/controllers/trades_controller.rb:4:in `index'
  [1m[36mSwap Load (0.3ms)[0m  [1m[34mSELECT "swaps".* FROM "swaps" WHERE "swaps"."trade_id" = $1[0m  [["trade_id", 134]]
  ↳ app/controllers/trades_controller.rb:4:in `index'
  [1m[36mSwap Load (0.3ms)[0m  [1m[34mSELECT "swaps".* FROM "swaps" WHERE "swaps"."trade_id" = $1[0m  [["trade_id", 135]]
  ↳ app/controllers/trades_controller.rb:4:in `index'
  [1m[36mSwap Load (0.3ms)[0m  [1m[34mSELECT "swaps".* FROM "swaps" WHERE "swaps"."trade_id" = $1[0m  [["trade_id", 136]]
  ↳ app/controllers/trades_controller.rb:4:in `index'
  [1m[36mSwap Load (0.3ms)[0m  [1m[34mSELECT "swaps".* FROM "swaps" WHERE "swaps"."trade_id" = $1[0m  [["trade_id", 137]]
  ↳ app/controllers/trades_controller.rb:4:in `index'
  [1m[36mSwap Load (0.3ms)[0m  [1m[34mSELECT "swaps".* FROM "swaps" WHERE "swaps"."trade_id" = $1[0m  [["trade_id", 138]]
  ↳ app/controllers/trades_controller.rb:4:in `index'
  [1m[36mSwap Load (0.4ms)[0m  [1m[34mSELECT "swaps".* FROM "swaps" WHERE "swaps"."trade_id" = $1[0m  [["trade_id", 139]]
  ↳ app/controllers/trades_controller.rb:4:in `index'
  [1m[36mSwap Load (0.3ms)[0m  [1m[34mSELECT "swaps".* FROM "swaps" WHERE "swaps"."trade_id" = $1[0m  [["trade_id", 140]]
  ↳ app/controllers/trades_controller.rb:4:in `index'
Completed 200 OK in 310ms (Views: 0.1ms | ActiveRecord: 253.8ms | Allocations: 108740)


Started POST "/login" for ::1 at 2020-04-20 14:12:28 -0400
Processing by AuthController#create as JSON
  Parameters: {"name"=>"Sean", "password"=>"[FILTERED]", "auth"=>{"name"=>"Sean", "password"=>"[FILTERED]"}}
  [1m[36mUser Load (4.9ms)[0m  [1m[34mSELECT "users".* FROM "users" WHERE "users"."name" = $1 LIMIT $2[0m  [["name", "Sean"], ["LIMIT", 1]]
  ↳ app/controllers/auth_controller.rb:3:in `create'
Completed 200 OK in 704ms (Views: 1.7ms | ActiveRecord: 4.9ms | Allocations: 848)


Started GET "/trades" for ::1 at 2020-04-20 14:13:51 -0400
Started GET "/teams" for ::1 at 2020-04-20 14:13:51 -0400
Started GET "/players" for ::1 at 2020-04-20 14:13:51 -0400
Started GET "/users" for ::1 at 2020-04-20 14:13:51 -0400
Started GET "/votes" for ::1 at 2020-04-20 14:13:51 -0400
Processing by TradesController#index as */*
Processing by TeamsController#index as */*
Processing by VotesController#index as */*
Processing by PlayersController#index as */*
Processing by UsersController#index as */*
  [1m[36mTeam Load (92.3ms)[0m  [1m[34mSELECT "teams".* FROM "teams"[0m
  ↳ app/controllers/teams_controller.rb:4:in `index'
Completed 200 OK in 104ms (Views: 0.3ms | ActiveRecord: 92.3ms | Allocations: 4711)


  [1m[36mUser Load (118.3ms)[0m  [1m[34mSELECT "users".* FROM "users"[0m
  [1m[36mTrade Load (140.6ms)[0m  [1m[34mSELECT "trades".* FROM "trades"[0m
  ↳ app/controllers/users_controller.rb:4:in `index'
Completed 200 OK in 129ms (Views: 0.3ms | ActiveRecord: 118.3ms | Allocations: 7988)


  ↳ app/controllers/trades_controller.rb:4:in `index'
  [1m[36mVote Load (127.9ms)[0m  [1m[34mSELECT "votes".* FROM "votes"[0m
  ↳ app/controllers/votes_controller.rb:4:in `index'
Completed 200 OK in 145ms (Views: 0.3ms | ActiveRecord: 127.9ms | Allocations: 11025)


  [1m[36mSwap Load (5.2ms)[0m  [1m[34mSELECT "swaps".* FROM "swaps" WHERE "swaps"."trade_id" = $1[0m  [["trade_id", 120]]
  ↳ app/controllers/trades_controller.rb:4:in `index'
  [1m[36mSwap Load (23.4ms)[0m  [1m[34mSELECT "swaps".* FROM "swaps" WHERE "swaps"."trade_id" = $1[0m  [["trade_id", 121]]
  ↳ app/controllers/trades_controller.rb:4:in `index'
  [1m[36mPlayer Load (175.9ms)[0m  [1m[34mSELECT "players".* FROM "players"[0m
  ↳ app/controllers/players_controller.rb:4:in `index'
  [1m[36mSwap Load (1.3ms)[0m  [1m[34mSELECT "swaps".* FROM "swaps" WHERE "swaps"."trade_id" = $1[0m  [["trade_id", 122]]
  ↳ app/controllers/trades_controller.rb:4:in `index'
Completed 200 OK in 434ms (Views: 0.1ms | ActiveRecord: 175.9ms | Allocations: 90621)


  [1m[36mSwap Load (148.3ms)[0m  [1m[34mSELECT "swaps".* FROM "swaps" WHERE "swaps"."trade_id" = $1[0m  [["trade_id", 123]]
  ↳ app/controllers/trades_controller.rb:4:in `index'
  [1m[36mSwap Load (31.5ms)[0m  [1m[34mSELECT "swaps".* FROM "swaps" WHERE "swaps"."trade_id" = $1[0m  [["trade_id", 124]]
  ↳ app/controllers/trades_controller.rb:4:in `index'
  [1m[36mSwap Load (1.0ms)[0m  [1m[34mSELECT "swaps".* FROM "swaps" WHERE "swaps"."trade_id" = $1[0m  [["trade_id", 125]]
  ↳ app/controllers/trades_controller.rb:4:in `index'
  [1m[36mSwap Load (0.6ms)[0m  [1m[34mSELECT "swaps".* FROM "swaps" WHERE "swaps"."trade_id" = $1[0m  [["trade_id", 126]]
  ↳ app/controllers/trades_controller.rb:4:in `index'
  [1m[36mSwap Load (0.5ms)[0m  [1m[34mSELECT "swaps".* FROM "swaps" WHERE "swaps"."trade_id" = $1[0m  [["trade_id", 127]]
  ↳ app/controllers/trades_controller.rb:4:in `index'
  [1m[36mSwap Load (0.6ms)[0m  [1m[34mSELECT "swaps".* FROM "swaps" WHERE "swaps"."trade_id" = $1[0m  [["trade_id", 130]]
  ↳ app/controllers/trades_controller.rb:4:in `index'
  [1m[36mSwap Load (0.8ms)[0m  [1m[34mSELECT "swaps".* FROM "swaps" WHERE "swaps"."trade_id" = $1[0m  [["trade_id", 132]]
  ↳ app/controllers/trades_controller.rb:4:in `index'
  [1m[36mSwap Load (3.7ms)[0m  [1m[34mSELECT "swaps".* FROM "swaps" WHERE "swaps"."trade_id" = $1[0m  [["trade_id", 134]]
  ↳ app/controllers/trades_controller.rb:4:in `index'
  [1m[36mSwap Load (0.6ms)[0m  [1m[34mSELECT "swaps".* FROM "swaps" WHERE "swaps"."trade_id" = $1[0m  [["trade_id", 135]]
  ↳ app/controllers/trades_controller.rb:4:in `index'
  [1m[36mSwap Load (0.7ms)[0m  [1m[34mSELECT "swaps".* FROM "swaps" WHERE "swaps"."trade_id" = $1[0m  [["trade_id", 136]]
  ↳ app/controllers/trades_controller.rb:4:in `index'
  [1m[36mSwap Load (23.9ms)[0m  [1m[34mSELECT "swaps".* FROM "swaps" WHERE "swaps"."trade_id" = $1[0m  [["trade_id", 137]]
  ↳ app/controllers/trades_controller.rb:4:in `index'
  [1m[36mSwap Load (0.6ms)[0m  [1m[34mSELECT "swaps".* FROM "swaps" WHERE "swaps"."trade_id" = $1[0m  [["trade_id", 138]]
  ↳ app/controllers/trades_controller.rb:4:in `index'
  [1m[36mSwap Load (0.6ms)[0m  [1m[34mSELECT "swaps".* FROM "swaps" WHERE "swaps"."trade_id" = $1[0m  [["trade_id", 139]]
  ↳ app/controllers/trades_controller.rb:4:in `index'
  [1m[36mSwap Load (1.0ms)[0m  [1m[34mSELECT "swaps".* FROM "swaps" WHERE "swaps"."trade_id" = $1[0m  [["trade_id", 140]]
  ↳ app/controllers/trades_controller.rb:4:in `index'
Completed 200 OK in 557ms (Views: 0.1ms | ActiveRecord: 385.0ms | Allocations: 112126)


Started POST "/login" for ::1 at 2020-04-20 14:14:49 -0400
Processing by AuthController#create as JSON
  Parameters: {"name"=>"Sean", "password"=>"[FILTERED]", "auth"=>{"name"=>"Sean", "password"=>"[FILTERED]"}}
  [1m[36mUser Load (19.9ms)[0m  [1m[34mSELECT "users".* FROM "users" WHERE "users"."name" = $1 LIMIT $2[0m  [["name", "Sean"], ["LIMIT", 1]]
  ↳ app/controllers/auth_controller.rb:3:in `create'
Completed 200 OK in 1555ms (Views: 1.5ms | ActiveRecord: 19.9ms | Allocations: 848)


Started GET "/players" for ::1 at 2020-04-20 14:17:03 -0400
Started GET "/teams" for ::1 at 2020-04-20 14:17:03 -0400
Started GET "/trades" for ::1 at 2020-04-20 14:17:03 -0400
Started GET "/users" for ::1 at 2020-04-20 14:17:03 -0400
Started GET "/votes" for ::1 at 2020-04-20 14:17:03 -0400
Processing by PlayersController#index as */*
Processing by TeamsController#index as */*
Processing by TradesController#index as */*
Processing by UsersController#index as */*
Processing by VotesController#index as */*
  [1m[36mUser Load (44.5ms)[0m  [1m[34mSELECT "users".* FROM "users"[0m
  ↳ app/controllers/users_controller.rb:4:in `index'
Completed 200 OK in 51ms (Views: 0.1ms | ActiveRecord: 44.5ms | Allocations: 5388)


  [1m[36mTeam Load (113.3ms)[0m  [1m[34mSELECT "teams".* FROM "teams"[0m
  ↳ app/controllers/teams_controller.rb:4:in `index'
  [1m[36mTrade Load (112.9ms)[0m  [1m[34mSELECT "trades".* FROM "trades"[0m
  ↳ app/controllers/trades_controller.rb:4:in `index'
  [1m[36mVote Load (46.8ms)[0m  [1m[34mSELECT "votes".* FROM "votes"[0m
Completed 200 OK in 121ms (Views: 0.1ms | ActiveRecord: 113.3ms | Allocations: 11038)


  ↳ app/controllers/votes_controller.rb:4:in `index'
Completed 200 OK in 62ms (Views: 0.2ms | ActiveRecord: 46.8ms | Allocations: 10046)


  [1m[36mPlayer Load (131.8ms)[0m  [1m[34mSELECT "players".* FROM "players"[0m
  ↳ app/controllers/players_controller.rb:4:in `index'
Completed 200 OK in 270ms (Views: 0.1ms | ActiveRecord: 131.8ms | Allocations: 92057)


  [1m[36mSwap Load (2.7ms)[0m  [1m[34mSELECT "swaps".* FROM "swaps" WHERE "swaps"."trade_id" = $1[0m  [["trade_id", 120]]
  ↳ app/controllers/trades_controller.rb:4:in `index'
  [1m[36mSwap Load (0.6ms)[0m  [1m[34mSELECT "swaps".* FROM "swaps" WHERE "swaps"."trade_id" = $1[0m  [["trade_id", 121]]
  ↳ app/controllers/trades_controller.rb:4:in `index'
  [1m[36mSwap Load (29.2ms)[0m  [1m[34mSELECT "swaps".* FROM "swaps" WHERE "swaps"."trade_id" = $1[0m  [["trade_id", 122]]
  ↳ app/controllers/trades_controller.rb:4:in `index'
  [1m[36mSwap Load (0.6ms)[0m  [1m[34mSELECT "swaps".* FROM "swaps" WHERE "swaps"."trade_id" = $1[0m  [["trade_id", 123]]
  ↳ app/controllers/trades_controller.rb:4:in `index'
  [1m[36mSwap Load (0.7ms)[0m  [1m[34mSELECT "swaps".* FROM "swaps" WHERE "swaps"."trade_id" = $1[0m  [["trade_id", 124]]
  ↳ app/controllers/trades_controller.rb:4:in `index'
  [1m[36mSwap Load (2.3ms)[0m  [1m[34mSELECT "swaps".* FROM "swaps" WHERE "swaps"."trade_id" = $1[0m  [["trade_id", 125]]
  ↳ app/controllers/trades_controller.rb:4:in `index'
  [1m[36mSwap Load (22.5ms)[0m  [1m[34mSELECT "swaps".* FROM "swaps" WHERE "swaps"."trade_id" = $1[0m  [["trade_id", 126]]
  ↳ app/controllers/trades_controller.rb:4:in `index'
  [1m[36mSwap Load (0.4ms)[0m  [1m[34mSELECT "swaps".* FROM "swaps" WHERE "swaps"."trade_id" = $1[0m  [["trade_id", 127]]
  ↳ app/controllers/trades_controller.rb:4:in `index'
  [1m[36mSwap Load (0.3ms)[0m  [1m[34mSELECT "swaps".* FROM "swaps" WHERE "swaps"."trade_id" = $1[0m  [["trade_id", 130]]
  ↳ app/controllers/trades_controller.rb:4:in `index'
  [1m[36mSwap Load (19.2ms)[0m  [1m[34mSELECT "swaps".* FROM "swaps" WHERE "swaps"."trade_id" = $1[0m  [["trade_id", 132]]
  ↳ app/controllers/trades_controller.rb:4:in `index'
  [1m[36mSwap Load (0.3ms)[0m  [1m[34mSELECT "swaps".* FROM "swaps" WHERE "swaps"."trade_id" = $1[0m  [["trade_id", 134]]
  ↳ app/controllers/trades_controller.rb:4:in `index'
  [1m[36mSwap Load (0.3ms)[0m  [1m[34mSELECT "swaps".* FROM "swaps" WHERE "swaps"."trade_id" = $1[0m  [["trade_id", 135]]
  ↳ app/controllers/trades_controller.rb:4:in `index'
  [1m[36mSwap Load (22.5ms)[0m  [1m[34mSELECT "swaps".* FROM "swaps" WHERE "swaps"."trade_id" = $1[0m  [["trade_id", 136]]
  ↳ app/controllers/trades_controller.rb:4:in `index'
  [1m[36mSwap Load (0.3ms)[0m  [1m[34mSELECT "swaps".* FROM "swaps" WHERE "swaps"."trade_id" = $1[0m  [["trade_id", 137]]
  ↳ app/controllers/trades_controller.rb:4:in `index'
  [1m[36mSwap Load (0.3ms)[0m  [1m[34mSELECT "swaps".* FROM "swaps" WHERE "swaps"."trade_id" = $1[0m  [["trade_id", 138]]
  ↳ app/controllers/trades_controller.rb:4:in `index'
  [1m[36mSwap Load (25.4ms)[0m  [1m[34mSELECT "swaps".* FROM "swaps" WHERE "swaps"."trade_id" = $1[0m  [["trade_id", 139]]
  ↳ app/controllers/trades_controller.rb:4:in `index'
  [1m[36mSwap Load (0.3ms)[0m  [1m[34mSELECT "swaps".* FROM "swaps" WHERE "swaps"."trade_id" = $1[0m  [["trade_id", 140]]
  ↳ app/controllers/trades_controller.rb:4:in `index'
Completed 200 OK in 528ms (Views: 0.1ms | ActiveRecord: 245.5ms | Allocations: 108714)


Started POST "/login" for ::1 at 2020-04-20 14:18:17 -0400
Processing by AuthController#create as JSON
  Parameters: {"name"=>"Sean", "password"=>"[FILTERED]", "auth"=>{"name"=>"Sean", "password"=>"[FILTERED]"}}
  [1m[36mUser Load (4.2ms)[0m  [1m[34mSELECT "users".* FROM "users" WHERE "users"."name" = $1 LIMIT $2[0m  [["name", "Sean"], ["LIMIT", 1]]
  ↳ app/controllers/auth_controller.rb:3:in `create'
Completed 200 OK in 437ms (Views: 0.6ms | ActiveRecord: 4.2ms | Allocations: 851)


Started GET "/teams" for ::1 at 2020-04-20 14:19:45 -0400
Started GET "/players" for ::1 at 2020-04-20 14:19:45 -0400
Started GET "/users" for ::1 at 2020-04-20 14:19:45 -0400
Started GET "/trades" for ::1 at 2020-04-20 14:19:45 -0400
Started GET "/votes" for ::1 at 2020-04-20 14:19:45 -0400
Processing by TeamsController#index as */*
Processing by PlayersController#index as */*
Processing by UsersController#index as */*
Processing by TradesController#index as */*
  [1m[36mTeam Load (70.1ms)[0m  [1m[34mSELECT "teams".* FROM "teams"[0m
Processing by VotesController#index as */*
  ↳ app/controllers/teams_controller.rb:4:in `index'
Completed 200 OK in 133ms (Views: 0.1ms | ActiveRecord: 70.1ms | Allocations: 10563)


  [1m[36mUser Load (8.0ms)[0m  [1m[34mSELECT "users".* FROM "users"[0m
  ↳ app/controllers/users_controller.rb:4:in `index'
Completed 200 OK in 24ms (Views: 0.1ms | ActiveRecord: 8.0ms | Allocations: 7604)


  [1m[36mVote Load (32.3ms)[0m  [1m[34mSELECT "votes".* FROM "votes"[0m
  ↳ app/controllers/votes_controller.rb:4:in `index'
Completed 200 OK in 36ms (Views: 0.1ms | ActiveRecord: 32.3ms | Allocations: 8730)


  [1m[36mTrade Load (38.4ms)[0m  [1m[34mSELECT "trades".* FROM "trades"[0m
  ↳ app/controllers/trades_controller.rb:4:in `index'
  [1m[36mSwap Load (9.0ms)[0m  [1m[34mSELECT "swaps".* FROM "swaps" WHERE "swaps"."trade_id" = $1[0m  [["trade_id", 120]]
  ↳ app/controllers/trades_controller.rb:4:in `index'
  [1m[36mSwap Load (0.4ms)[0m  [1m[34mSELECT "swaps".* FROM "swaps" WHERE "swaps"."trade_id" = $1[0m  [["trade_id", 121]]
  [1m[36mPlayer Load (61.3ms)[0m  [1m[34mSELECT "players".* FROM "players"[0m
  ↳ app/controllers/trades_controller.rb:4:in `index'
  ↳ app/controllers/players_controller.rb:4:in `index'
Completed 200 OK in 208ms (Views: 0.1ms | ActiveRecord: 61.3ms | Allocations: 90803)


  [1m[36mSwap Load (142.0ms)[0m  [1m[34mSELECT "swaps".* FROM "swaps" WHERE "swaps"."trade_id" = $1[0m  [["trade_id", 122]]
  ↳ app/controllers/trades_controller.rb:4:in `index'
  [1m[36mSwap Load (0.3ms)[0m  [1m[34mSELECT "swaps".* FROM "swaps" WHERE "swaps"."trade_id" = $1[0m  [["trade_id", 123]]
  ↳ app/controllers/trades_controller.rb:4:in `index'
  [1m[36mSwap Load (0.3ms)[0m  [1m[34mSELECT "swaps".* FROM "swaps" WHERE "swaps"."trade_id" = $1[0m  [["trade_id", 124]]
  ↳ app/controllers/trades_controller.rb:4:in `index'
  [1m[36mSwap Load (0.3ms)[0m  [1m[34mSELECT "swaps".* FROM "swaps" WHERE "swaps"."trade_id" = $1[0m  [["trade_id", 125]]
  ↳ app/controllers/trades_controller.rb:4:in `index'
  [1m[36mSwap Load (0.5ms)[0m  [1m[34mSELECT "swaps".* FROM "swaps" WHERE "swaps"."trade_id" = $1[0m  [["trade_id", 126]]
  ↳ app/controllers/trades_controller.rb:4:in `index'
  [1m[36mSwap Load (0.3ms)[0m  [1m[34mSELECT "swaps".* FROM "swaps" WHERE "swaps"."trade_id" = $1[0m  [["trade_id", 127]]
  ↳ app/controllers/trades_controller.rb:4:in `index'
  [1m[36mSwap Load (0.3ms)[0m  [1m[34mSELECT "swaps".* FROM "swaps" WHERE "swaps"."trade_id" = $1[0m  [["trade_id", 130]]
  ↳ app/controllers/trades_controller.rb:4:in `index'
  [1m[36mSwap Load (0.3ms)[0m  [1m[34mSELECT "swaps".* FROM "swaps" WHERE "swaps"."trade_id" = $1[0m  [["trade_id", 132]]
  ↳ app/controllers/trades_controller.rb:4:in `index'
  [1m[36mSwap Load (0.2ms)[0m  [1m[34mSELECT "swaps".* FROM "swaps" WHERE "swaps"."trade_id" = $1[0m  [["trade_id", 134]]
  ↳ app/controllers/trades_controller.rb:4:in `index'
  [1m[36mSwap Load (24.7ms)[0m  [1m[34mSELECT "swaps".* FROM "swaps" WHERE "swaps"."trade_id" = $1[0m  [["trade_id", 135]]
  ↳ app/controllers/trades_controller.rb:4:in `index'
  [1m[36mSwap Load (0.5ms)[0m  [1m[34mSELECT "swaps".* FROM "swaps" WHERE "swaps"."trade_id" = $1[0m  [["trade_id", 136]]
  ↳ app/controllers/trades_controller.rb:4:in `index'
  [1m[36mSwap Load (0.3ms)[0m  [1m[34mSELECT "swaps".* FROM "swaps" WHERE "swaps"."trade_id" = $1[0m  [["trade_id", 137]]
  ↳ app/controllers/trades_controller.rb:4:in `index'
  [1m[36mSwap Load (0.3ms)[0m  [1m[34mSELECT "swaps".* FROM "swaps" WHERE "swaps"."trade_id" = $1[0m  [["trade_id", 138]]
  ↳ app/controllers/trades_controller.rb:4:in `index'
  [1m[36mSwap Load (0.4ms)[0m  [1m[34mSELECT "swaps".* FROM "swaps" WHERE "swaps"."trade_id" = $1[0m  [["trade_id", 139]]
  ↳ app/controllers/trades_controller.rb:4:in `index'
  [1m[36mSwap Load (0.3ms)[0m  [1m[34mSELECT "swaps".* FROM "swaps" WHERE "swaps"."trade_id" = $1[0m  [["trade_id", 140]]
  ↳ app/controllers/trades_controller.rb:4:in `index'
Completed 200 OK in 270ms (Views: 0.1ms | ActiveRecord: 218.7ms | Allocations: 105284)


Started POST "/login" for ::1 at 2020-04-20 14:20:48 -0400
Processing by AuthController#create as JSON
  Parameters: {"name"=>"Sean", "password"=>"[FILTERED]", "auth"=>{"name"=>"Sean", "password"=>"[FILTERED]"}}
  [1m[36mUser Load (3.3ms)[0m  [1m[34mSELECT "users".* FROM "users" WHERE "users"."name" = $1 LIMIT $2[0m  [["name", "Sean"], ["LIMIT", 1]]
  ↳ app/controllers/auth_controller.rb:3:in `create'
Completed 200 OK in 668ms (Views: 1.6ms | ActiveRecord: 3.3ms | Allocations: 850)


Started POST "/trades" for ::1 at 2020-04-20 14:22:57 -0400
Processing by TradesController#create as JSON
  Parameters: {"user"=>{"id"=>37, "name"=>"Sean", "team"=>"Detroit Pistons", "created_at"=>"2020-04-09T21:31:43.650Z", "updated_at"=>"2020-04-09T21:31:43.650Z", "password_digest"=>"[FILTERED]"}, "swap_attributes"=>[[{"id"=>1930, "name"=>"Golden State Warriors", "cap_space"=>nil, "logo"=>"https://d1dglpr230r57l.cloudfront.net/images/thumb/warriors1.png", "cap_spent"=>"$131,521,342"}, [{"id"=>4852, "name"=>"Anthony Davis", "year_signed"=>nil, "signed_using"=>"Bird", "trade_clause"=>false, "position"=>"Power Forward", "team_id"=>1934, "salary"=>"$27,093,019", "final_year_of_contract"=>"2021", "player_image"=>"https://d1dglpr230r57l.cloudfront.net/headshots/nba/10809.png"}]], [{"id"=>1933, "name"=>"Los Angeles Clippers", "cap_space"=>nil, "logo"=>"https://d1dglpr230r57l.cloudfront.net/images/thumb/new-clippers-logo.png", "cap_spent"=>"$131,966,937"}, [{"id"=>4886, "name"=>"Blake Griffin", "year_signed"=>nil, "signed_using"=>"Bird", "trade_clause"=>false, "position"=>"Power Forward", "team_id"=>1929, "salary"=>"$34,449,964", "final_year_of_contract"=>"2022", "player_image"=>"https://d1dglpr230r57l.cloudfront.net/headshots/nba/6501.png"}]], [{"id"=>1934, "name"=>"Los Angeles Lakers", "cap_space"=>nil, "logo"=>"https://d1dglpr230r57l.cloudfront.net/images/thumb/lakers.png", "cap_spent"=>"$122,723,507"}, [{"id"=>4935, "name"=>"Kawhi Leonard", "year_signed"=>nil, "signed_using"=>"Cap Space", "trade_clause"=>false, "position"=>"Small Forward", "team_id"=>1933, "salary"=>"$32,742,000", "final_year_of_contract"=>"2022", "player_image"=>"https://d1dglpr230r57l.cloudfront.net/headshots/nba/8066.png"}]], [{"id"=>1929, "name"=>"Detroit Pistons", "cap_space"=>nil, "logo"=>"https://d1dglpr230r57l.cloudfront.net/images/thumb/pistons.png", "cap_spent"=>"$130,976,805"}, [{"id"=>5069, "name"=>"Klay Thompson", "year_signed"=>nil, "signed_using"=>"Bird", "trade_clause"=>false, "position"=>"Shooting Guard", "team_id"=>1930, "salary"=>"$32,742,000", "final_year_of_contract"=>"2024", "player_image"=>"https://d1dglpr230r57l.cloudfront.net/headshots/nba/8062.png"}]]], "trade"=>{}}
  [1m[36mUser Load (5.7ms)[0m  [1m[34mSELECT "users".* FROM "users" WHERE "users"."id" = $1 LIMIT $2[0m  [["id", 37], ["LIMIT", 1]]
  ↳ app/controllers/trades_controller.rb:11:in `create'
  [1m[35m (0.4ms)[0m  [1m[35mBEGIN[0m
  ↳ app/controllers/trades_controller.rb:12:in `create'
  [1m[36mTrade Create (2.3ms)[0m  [1m[32mINSERT INTO "trades" ("user_id", "created_at", "updated_at") VALUES ($1, $2, $3) RETURNING "id"[0m  [["user_id", 37], ["created_at", "2020-04-20 18:22:57.995366"], ["updated_at", "2020-04-20 18:22:57.995366"]]
  ↳ app/controllers/trades_controller.rb:12:in `create'
  [1m[35m (2.1ms)[0m  [1m[35mCOMMIT[0m
  ↳ app/controllers/trades_controller.rb:12:in `create'
  [1m[35m (14.0ms)[0m  [1m[35mBEGIN[0m
  ↳ app/controllers/trades_controller.rb:24:in `block (2 levels) in create_swaps'
  [1m[36mTrade Load (3.1ms)[0m  [1m[34mSELECT "trades".* FROM "trades" WHERE "trades"."id" = $1 LIMIT $2[0m  [["id", 141], ["LIMIT", 1]]
  ↳ app/controllers/trades_controller.rb:24:in `block (2 levels) in create_swaps'
  [1m[36mPlayer Load (1.3ms)[0m  [1m[34mSELECT "players".* FROM "players" WHERE "players"."id" = $1 LIMIT $2[0m  [["id", 4852], ["LIMIT", 1]]
  ↳ app/controllers/trades_controller.rb:24:in `block (2 levels) in create_swaps'
  [1m[36mTeam Load (1.2ms)[0m  [1m[34mSELECT "teams".* FROM "teams" WHERE "teams"."id" = $1 LIMIT $2[0m  [["id", 1930], ["LIMIT", 1]]
  ↳ app/controllers/trades_controller.rb:24:in `block (2 levels) in create_swaps'
  [1m[36mSwap Create (3.8ms)[0m  [1m[32mINSERT INTO "swaps" ("trade_id", "player_id", "created_at", "updated_at", "team_id") VALUES ($1, $2, $3, $4, $5) RETURNING "id"[0m  [["trade_id", 141], ["player_id", 4852], ["created_at", "2020-04-20 18:22:58.064300"], ["updated_at", "2020-04-20 18:22:58.064300"], ["team_id", 1930]]
  ↳ app/controllers/trades_controller.rb:24:in `block (2 levels) in create_swaps'
  [1m[35m (13.9ms)[0m  [1m[35mCOMMIT[0m
  ↳ app/controllers/trades_controller.rb:24:in `block (2 levels) in create_swaps'
  [1m[35m (0.3ms)[0m  [1m[35mBEGIN[0m
  ↳ app/controllers/trades_controller.rb:24:in `block (2 levels) in create_swaps'
  [1m[36mTrade Load (0.5ms)[0m  [1m[34mSELECT "trades".* FROM "trades" WHERE "trades"."id" = $1 LIMIT $2[0m  [["id", 141], ["LIMIT", 1]]
  ↳ app/controllers/trades_controller.rb:24:in `block (2 levels) in create_swaps'
  [1m[36mPlayer Load (0.8ms)[0m  [1m[34mSELECT "players".* FROM "players" WHERE "players"."id" = $1 LIMIT $2[0m  [["id", 4886], ["LIMIT", 1]]
  ↳ app/controllers/trades_controller.rb:24:in `block (2 levels) in create_swaps'
  [1m[36mTeam Load (0.4ms)[0m  [1m[34mSELECT "teams".* FROM "teams" WHERE "teams"."id" = $1 LIMIT $2[0m  [["id", 1933], ["LIMIT", 1]]
  ↳ app/controllers/trades_controller.rb:24:in `block (2 levels) in create_swaps'
  [1m[36mSwap Create (1.5ms)[0m  [1m[32mINSERT INTO "swaps" ("trade_id", "player_id", "created_at", "updated_at", "team_id") VALUES ($1, $2, $3, $4, $5) RETURNING "id"[0m  [["trade_id", 141], ["player_id", 4886], ["created_at", "2020-04-20 18:22:58.109551"], ["updated_at", "2020-04-20 18:22:58.109551"], ["team_id", 1933]]
  ↳ app/controllers/trades_controller.rb:24:in `block (2 levels) in create_swaps'
  [1m[35m (21.7ms)[0m  [1m[35mCOMMIT[0m
  ↳ app/controllers/trades_controller.rb:24:in `block (2 levels) in create_swaps'
  [1m[35m (0.4ms)[0m  [1m[35mBEGIN[0m
  ↳ app/controllers/trades_controller.rb:24:in `block (2 levels) in create_swaps'
  [1m[36mTrade Load (0.4ms)[0m  [1m[34mSELECT "trades".* FROM "trades" WHERE "trades"."id" = $1 LIMIT $2[0m  [["id", 141], ["LIMIT", 1]]
  ↳ app/controllers/trades_controller.rb:24:in `block (2 levels) in create_swaps'
  [1m[36mPlayer Load (0.8ms)[0m  [1m[34mSELECT "players".* FROM "players" WHERE "players"."id" = $1 LIMIT $2[0m  [["id", 4935], ["LIMIT", 1]]
  ↳ app/controllers/trades_controller.rb:24:in `block (2 levels) in create_swaps'
  [1m[36mTeam Load (11.4ms)[0m  [1m[34mSELECT "teams".* FROM "teams" WHERE "teams"."id" = $1 LIMIT $2[0m  [["id", 1934], ["LIMIT", 1]]
  ↳ app/controllers/trades_controller.rb:24:in `block (2 levels) in create_swaps'
  [1m[36mSwap Create (1.1ms)[0m  [1m[32mINSERT INTO "swaps" ("trade_id", "player_id", "created_at", "updated_at", "team_id") VALUES ($1, $2, $3, $4, $5) RETURNING "id"[0m  [["trade_id", 141], ["player_id", 4935], ["created_at", "2020-04-20 18:22:58.191451"], ["updated_at", "2020-04-20 18:22:58.191451"], ["team_id", 1934]]
  ↳ app/controllers/trades_controller.rb:24:in `block (2 levels) in create_swaps'
  [1m[35m (0.8ms)[0m  [1m[35mCOMMIT[0m
  ↳ app/controllers/trades_controller.rb:24:in `block (2 levels) in create_swaps'
  [1m[35m (0.3ms)[0m  [1m[35mBEGIN[0m
  ↳ app/controllers/trades_controller.rb:24:in `block (2 levels) in create_swaps'
  [1m[36mTrade Load (0.7ms)[0m  [1m[34mSELECT "trades".* FROM "trades" WHERE "trades"."id" = $1 LIMIT $2[0m  [["id", 141], ["LIMIT", 1]]
  ↳ app/controllers/trades_controller.rb:24:in `block (2 levels) in create_swaps'
  [1m[36mPlayer Load (6.4ms)[0m  [1m[34mSELECT "players".* FROM "players" WHERE "players"."id" = $1 LIMIT $2[0m  [["id", 5069], ["LIMIT", 1]]
  ↳ app/controllers/trades_controller.rb:24:in `block (2 levels) in create_swaps'
  [1m[36mTeam Load (0.6ms)[0m  [1m[34mSELECT "teams".* FROM "teams" WHERE "teams"."id" = $1 LIMIT $2[0m  [["id", 1929], ["LIMIT", 1]]
  ↳ app/controllers/trades_controller.rb:24:in `block (2 levels) in create_swaps'
  [1m[36mSwap Create (1.1ms)[0m  [1m[32mINSERT INTO "swaps" ("trade_id", "player_id", "created_at", "updated_at", "team_id") VALUES ($1, $2, $3, $4, $5) RETURNING "id"[0m  [["trade_id", 141], ["player_id", 5069], ["created_at", "2020-04-20 18:22:58.247357"], ["updated_at", "2020-04-20 18:22:58.247357"], ["team_id", 1929]]
  ↳ app/controllers/trades_controller.rb:24:in `block (2 levels) in create_swaps'
  [1m[35m (0.8ms)[0m  [1m[35mCOMMIT[0m
  ↳ app/controllers/trades_controller.rb:24:in `block (2 levels) in create_swaps'
  [1m[36mSwap Load (0.3ms)[0m  [1m[34mSELECT "swaps".* FROM "swaps" WHERE "swaps"."trade_id" = $1[0m  [["trade_id", 141]]
  ↳ app/controllers/trades_controller.rb:16:in `create'
Completed 200 OK in 279ms (Views: 0.1ms | ActiveRecord: 98.1ms | Allocations: 24799)


Started DELETE "/trades/132" for ::1 at 2020-04-20 14:23:17 -0400
Processing by TradesController#destroy as */*
  Parameters: {"id"=>"132"}
  [1m[36mTrade Load (1.9ms)[0m  [1m[34mSELECT "trades".* FROM "trades" WHERE "trades"."id" = $1 LIMIT $2[0m  [["id", 132], ["LIMIT", 1]]
  ↳ app/controllers/trades_controller.rb:30:in `destroy'
  [1m[35m (19.7ms)[0m  [1m[35mBEGIN[0m
  ↳ app/controllers/trades_controller.rb:31:in `destroy'
  [1m[36mTrade Destroy (99.0ms)[0m  [1m[31mDELETE FROM "trades" WHERE "trades"."id" = $1[0m  [["id", 132]]
  ↳ app/controllers/trades_controller.rb:31:in `destroy'
  [1m[35m (1.2ms)[0m  [1m[35mCOMMIT[0m
  ↳ app/controllers/trades_controller.rb:31:in `destroy'
Completed 204 No Content in 135ms (ActiveRecord: 121.8ms | Allocations: 2317)


Started POST "/votes" for ::1 at 2020-04-20 14:24:06 -0400
Processing by VotesController#create as JSON
  Parameters: {"category"=>"like", "user_id"=>37, "trade_id"=>140, "vote"=>{"category"=>"like", "user_id"=>37, "trade_id"=>140}}
  [1m[35m (11.9ms)[0m  [1m[35mBEGIN[0m
  ↳ app/controllers/votes_controller.rb:12:in `create'
  [1m[36mUser Load (1.8ms)[0m  [1m[34mSELECT "users".* FROM "users" WHERE "users"."id" = $1 LIMIT $2[0m  [["id", 37], ["LIMIT", 1]]
  ↳ app/controllers/votes_controller.rb:12:in `create'
  [1m[36mTrade Load (6.4ms)[0m  [1m[34mSELECT "trades".* FROM "trades" WHERE "trades"."id" = $1 LIMIT $2[0m  [["id", 140], ["LIMIT", 1]]
  ↳ app/controllers/votes_controller.rb:12:in `create'
  [1m[36mVote Create (7.2ms)[0m  [1m[32mINSERT INTO "votes" ("category", "user_id", "trade_id", "created_at", "updated_at") VALUES ($1, $2, $3, $4, $5) RETURNING "id"[0m  [["category", "like"], ["user_id", 37], ["trade_id", 140], ["created_at", "2020-04-20 18:24:07.009646"], ["updated_at", "2020-04-20 18:24:07.009646"]]
  ↳ app/controllers/votes_controller.rb:12:in `create'
  [1m[35m (1.6ms)[0m  [1m[35mCOMMIT[0m
  ↳ app/controllers/votes_controller.rb:12:in `create'
Completed 200 OK in 49ms (Views: 0.1ms | ActiveRecord: 28.9ms | Allocations: 4880)


Started POST "/votes" for ::1 at 2020-04-20 14:24:13 -0400
Processing by VotesController#create as JSON
  Parameters: {"category"=>"veto", "user_id"=>37, "trade_id"=>139, "vote"=>{"category"=>"veto", "user_id"=>37, "trade_id"=>139}}
  [1m[35m (0.4ms)[0m  [1m[35mBEGIN[0m
  ↳ app/controllers/votes_controller.rb:12:in `create'
  [1m[36mUser Load (1.8ms)[0m  [1m[34mSELECT "users".* FROM "users" WHERE "users"."id" = $1 LIMIT $2[0m  [["id", 37], ["LIMIT", 1]]
  ↳ app/controllers/votes_controller.rb:12:in `create'
  [1m[36mTrade Load (1.4ms)[0m  [1m[34mSELECT "trades".* FROM "trades" WHERE "trades"."id" = $1 LIMIT $2[0m  [["id", 139], ["LIMIT", 1]]
  ↳ app/controllers/votes_controller.rb:12:in `create'
  [1m[36mVote Create (1.2ms)[0m  [1m[32mINSERT INTO "votes" ("category", "user_id", "trade_id", "created_at", "updated_at") VALUES ($1, $2, $3, $4, $5) RETURNING "id"[0m  [["category", "veto"], ["user_id", 37], ["trade_id", 139], ["created_at", "2020-04-20 18:24:13.409877"], ["updated_at", "2020-04-20 18:24:13.409877"]]
  ↳ app/controllers/votes_controller.rb:12:in `create'
  [1m[35m (2.3ms)[0m  [1m[35mCOMMIT[0m
  ↳ app/controllers/votes_controller.rb:12:in `create'
Completed 200 OK in 25ms (Views: 0.4ms | ActiveRecord: 7.1ms | Allocations: 4405)


